<?xml version="1.0" encoding="UTF-8"?>
<robot generator="Robot 3.0.4 (Python 3.7.0 on darwin)" generated="20181009 17:42:46.696">
<suite id="s1" name="API Doc" source="/Users/zs/Code/RobotFramwork/AutoTest/AutoTestTools/RunCase/API_Doc">
<suite id="s1-s1" name="Activity" source="/Users/zs/Code/RobotFramwork/AutoTest/AutoTestTools/RunCase/API_Doc/Activity.robot">
<test id="s1-s1-t1" name="get/activity">
<kw name="getApiResp" library="BusApiCom">
<arguments>
<arg>get</arg>
<arg>/activity</arg>
</arguments>
<assign>
<var>${resp}</var>
</assign>
<kw name="GetResponse 2" library="HttpRequest">
<arguments>
<arg>${mode}</arg>
<arg>${path}</arg>
<arg>&amp;{dict}</arg>
</arguments>
<assign>
<var>${resp}</var>
<var>${resp_text}</var>
</assign>
<msg timestamp="20181009 17:42:47.414" level="INFO">get     URL =  https://exam.zmgongzuoshi.top/api/v1/activity
Headers =  {'Authorization': 'eyJhbGciOiJIUzUxMiJ9.eyJhIjpudWxsLCJzIjoibzJFSVYwY2gwcVN4MDFVa0RHemZwUUdnRVprcyIsImMiOjE1MzgwMTU1MzM2NjcsImUiOjE1MzkzMTE1MzM2NjcsImkiOjEzMDM5NX0.6eQob2m2Y6UUK3uLwzG-JlYn_PXhArInpVmMeUSw5QLAzfFbUI5YcFBd35CZOujyzhLMsUvl6K_LlE_0IMSgHQ', 'ReqChannel': 'MASTER'}
Params =  
Resp =  [{"activityName":"课程砍价","activityUrl":null,"activityType":"SUBJECT_CUT","activityImgUrl":"/image/active/cutActiveDis.jpg","status":"NOW","people":0,"lastDay":12},{"activityName":"速速刷题机","activityUrl":"https://h5.exam.sunlands.site/smallHeartDev/dist/index.html#/smallheart","activityType":"BRUSH_QUESTION","activityImgUrl":"/image/active/xinxin.jpg","status":"NOWNOTIME","people":599,"lastDay":0},{"activityName":"月饼代表你的心","activityUrl":"https://exam.zmgongzuoshi.top/loverDev/index.html#","activityType":"MOON_FESTIVAL","activityImgUrl":"/image/active/zhongqiujie.png","status":"END","people":772,"lastDay":0},{"activityName":"足球世界杯","activityUrl":"https://h5.exam.sunlands.site/worldAnd520/index.html#","activityType":"TEMP_FORM_ID","activityImgUrl":"/image/active/wordcup.jpg","status":"END","people":130,"lastDay":0},{"activityName":"520寻找Ta一起成为更好的自己","activityUrl":"https://h5.exam.sunlands.site/worldAnd520/index.html#","activityType":"FIVE_TWO_ZERO","activityImgUrl":"/image/active/ac520.jpg","status":"END","people":427,"lastDay":0}]</msg>
<msg timestamp="20181009 17:42:47.414" level="INFO">/usr/local/lib/python3.7/site-packages/urllib3/connectionpool.py:857: InsecureRequestWarning: Unverified HTTPS request is being made. Adding certificate verification is strongly advised. See: https://urllib3.readthedocs.io/en/latest/advanced-usage.html#ssl-warnings
  InsecureRequestWarning)</msg>
<msg timestamp="20181009 17:42:47.415" level="INFO">${resp} = (200, [{'activityName': '课程砍价', 'activityUrl': None, 'activityType': 'SUBJECT_CUT', 'activityImgUrl': '/image/active/cutActiveDis.jpg', 'status': 'NOW', 'people': 0, 'lastDay': 12}, {'activityName': '...</msg>
<msg timestamp="20181009 17:42:47.415" level="INFO">${resp_text} = [{"activityName":"课程砍价","activityUrl":null,"activityType":"SUBJECT_CUT","activityImgUrl":"/image/active/cutActiveDis.jpg","status":"NOW","people":0,"lastDay":12},{"activityName":"速速刷题机","activityUrl":...</msg>
<status status="PASS" starttime="20181009 17:42:47.242" endtime="20181009 17:42:47.415"></status>
</kw>
<kw name="Should Be True" library="BuiltIn">
<doc>Fails if the given condition is not true.</doc>
<arguments>
<arg>${resp[0]}==200</arg>
<arg>${resp_text}</arg>
</arguments>
<status status="PASS" starttime="20181009 17:42:47.415" endtime="20181009 17:42:47.416"></status>
</kw>
<kw name="Log" library="BuiltIn">
<doc>Logs the given message with the given level.</doc>
<arguments>
<arg>${resp_text}</arg>
</arguments>
<msg timestamp="20181009 17:42:47.416" level="INFO">[{"activityName":"课程砍价","activityUrl":null,"activityType":"SUBJECT_CUT","activityImgUrl":"/image/active/cutActiveDis.jpg","status":"NOW","people":0,"lastDay":12},{"activityName":"速速刷题机","activityUrl":"https://h5.exam.sunlands.site/smallHeartDev/dist/index.html#/smallheart","activityType":"BRUSH_QUESTION","activityImgUrl":"/image/active/xinxin.jpg","status":"NOWNOTIME","people":599,"lastDay":0},{"activityName":"月饼代表你的心","activityUrl":"https://exam.zmgongzuoshi.top/loverDev/index.html#","activityType":"MOON_FESTIVAL","activityImgUrl":"/image/active/zhongqiujie.png","status":"END","people":772,"lastDay":0},{"activityName":"足球世界杯","activityUrl":"https://h5.exam.sunlands.site/worldAnd520/index.html#","activityType":"TEMP_FORM_ID","activityImgUrl":"/image/active/wordcup.jpg","status":"END","people":130,"lastDay":0},{"activityName":"520寻找Ta一起成为更好的自己","activityUrl":"https://h5.exam.sunlands.site/worldAnd520/index.html#","activityType":"FIVE_TWO_ZERO","activityImgUrl":"/image/active/ac520.jpg","status":"END","people":427,"lastDay":0}]</msg>
<status status="PASS" starttime="20181009 17:42:47.416" endtime="20181009 17:42:47.416"></status>
</kw>
<msg timestamp="20181009 17:42:47.416" level="INFO">${resp} = [{'activityName': '课程砍价', 'activityUrl': None, 'activityType': 'SUBJECT_CUT', 'activityImgUrl': '/image/active/cutActiveDis.jpg', 'status': 'NOW', 'people': 0, 'lastDay': 12}, {'activityName': '速速刷题机'...</msg>
<status status="PASS" starttime="20181009 17:42:47.241" endtime="20181009 17:42:47.416"></status>
</kw>
<kw name="docmentAssert" library="BusApiCom">
<arguments>
<arg>get</arg>
<arg>/activity</arg>
<arg>${resp}</arg>
</arguments>
<assign>
<var>${result}</var>
</assign>
<kw name="GetResp Doc" library="JsonRead">
<arguments>
<arg>${mode}</arg>
<arg>${path}</arg>
</arguments>
<assign>
<var>${resp_doc}</var>
</assign>
<msg timestamp="20181009 17:42:47.438" level="INFO">${resp_doc} = [{'activityName': 'string', 'activityType': 'string', 'activityUrl': 'string', 'activityImgUrl': 'string', 'status': 'string', 'people': 0, 'lastDay': 0}]</msg>
<status status="PASS" starttime="20181009 17:42:47.417" endtime="20181009 17:42:47.438"></status>
</kw>
<kw name="Log" library="BuiltIn">
<doc>Logs the given message with the given level.</doc>
<arguments>
<arg>${resp}</arg>
</arguments>
<msg timestamp="20181009 17:42:47.439" level="INFO">[{'activityName': '课程砍价', 'activityUrl': None, 'activityType': 'SUBJECT_CUT', 'activityImgUrl': '/image/active/cutActiveDis.jpg', 'status': 'NOW', 'people': 0, 'lastDay': 12}, {'activityName': '速速刷题机', 'activityUrl': 'https://h5.exam.sunlands.site/smallHeartDev/dist/index.html#/smallheart', 'activityType': 'BRUSH_QUESTION', 'activityImgUrl': '/image/active/xinxin.jpg', 'status': 'NOWNOTIME', 'people': 599, 'lastDay': 0}, {'activityName': '月饼代表你的心', 'activityUrl': 'https://exam.zmgongzuoshi.top/loverDev/index.html#', 'activityType': 'MOON_FESTIVAL', 'activityImgUrl': '/image/active/zhongqiujie.png', 'status': 'END', 'people': 772, 'lastDay': 0}, {'activityName': '足球世界杯', 'activityUrl': 'https://h5.exam.sunlands.site/worldAnd520/index.html#', 'activityType': 'TEMP_FORM_ID', 'activityImgUrl': '/image/active/wordcup.jpg', 'status': 'END', 'people': 130, 'lastDay': 0}, {'activityName': '520寻找Ta一起成为更好的自己', 'activityUrl': 'https://h5.exam.sunlands.site/worldAnd520/index.html#', 'activityType': 'FIVE_TWO_ZERO', 'activityImgUrl': '/image/active/ac520.jpg', 'status': 'END', 'people': 427, 'lastDay': 0}]</msg>
<status status="PASS" starttime="20181009 17:42:47.438" endtime="20181009 17:42:47.439"></status>
</kw>
<kw name="Log" library="BuiltIn">
<doc>Logs the given message with the given level.</doc>
<arguments>
<arg>${resp_doc}</arg>
</arguments>
<msg timestamp="20181009 17:42:47.439" level="INFO">[{'activityName': 'string', 'activityType': 'string', 'activityUrl': 'string', 'activityImgUrl': 'string', 'status': 'string', 'people': 0, 'lastDay': 0}]</msg>
<status status="PASS" starttime="20181009 17:42:47.439" endtime="20181009 17:42:47.439"></status>
</kw>
<kw name="Assert Resp" library="AssertResp">
<doc>断言接口返回值的字段类型与文档是否一致</doc>
<arguments>
<arg>${resp}</arg>
<arg>${resp_doc}</arg>
</arguments>
<assign>
<var>${result}</var>
</assign>
<msg timestamp="20181009 17:42:47.439" level="INFO">${result} = [True]</msg>
<status status="PASS" starttime="20181009 17:42:47.439" endtime="20181009 17:42:47.440"></status>
</kw>
<msg timestamp="20181009 17:42:47.440" level="INFO">${result} = [True]</msg>
<status status="PASS" starttime="20181009 17:42:47.416" endtime="20181009 17:42:47.440"></status>
</kw>
<kw name="Should Be True" library="BuiltIn">
<doc>Fails if the given condition is not true.</doc>
<arguments>
<arg>${result[0]}</arg>
<arg>${result}</arg>
</arguments>
<status status="PASS" starttime="20181009 17:42:47.440" endtime="20181009 17:42:47.440"></status>
</kw>
<doc>活动列表</doc>
<tags>
<tag>Activity</tag>
<tag>DocTest</tag>
<tag>Run</tag>
</tags>
<status status="PASS" starttime="20181009 17:42:47.240" endtime="20181009 17:42:47.440" critical="yes"></status>
</test>
<test id="s1-s1-t2" name="get/activity/pointQuestion/home">
<kw name="GetParam Doc" library="JsonRead">
<arguments>
<arg>get</arg>
<arg>/activity/pointQuestion/home</arg>
</arguments>
<assign>
<var>${params}</var>
</assign>
<msg timestamp="20181009 17:42:47.464" level="INFO">${params} = {'shareMark': 'string'}</msg>
<status status="PASS" starttime="20181009 17:42:47.441" endtime="20181009 17:42:47.464"></status>
</kw>
<kw name="Set To Dictionary" library="Collections">
<doc>Adds the given ``key_value_pairs`` and ``items`` to the ``dictionary``.</doc>
<arguments>
<arg>${params}</arg>
<arg>shareMark=${EMPTY}</arg>
</arguments>
<status status="PASS" starttime="20181009 17:42:47.464" endtime="20181009 17:42:47.464"></status>
</kw>
<kw name="getApiResp" library="BusApiCom">
<arguments>
<arg>get</arg>
<arg>/activity/pointQuestion/home</arg>
<arg>params=${params}</arg>
</arguments>
<assign>
<var>${resp}</var>
</assign>
<kw name="GetResponse 2" library="HttpRequest">
<arguments>
<arg>${mode}</arg>
<arg>${path}</arg>
<arg>&amp;{dict}</arg>
</arguments>
<assign>
<var>${resp}</var>
<var>${resp_text}</var>
</assign>
<msg timestamp="20181009 17:42:47.658" level="INFO">get     URL =  https://exam.zmgongzuoshi.top/api/v1/activity/pointQuestion/home?shareMark=
Headers =  {'Authorization': 'eyJhbGciOiJIUzUxMiJ9.eyJhIjpudWxsLCJzIjoibzJFSVYwY2gwcVN4MDFVa0RHemZwUUdnRVprcyIsImMiOjE1MzgwMTU1MzM2NjcsImUiOjE1MzkzMTE1MzM2NjcsImkiOjEzMDM5NX0.6eQob2m2Y6UUK3uLwzG-JlYn_PXhArInpVmMeUSw5QLAzfFbUI5YcFBd35CZOujyzhLMsUvl6K_LlE_0IMSgHQ', 'ReqChannel': 'MASTER'}
Params =  {'shareMark': ''}
Resp =  {"chance":2,"helpUsersInfo":[],"nickName":"赵爽","headImageUrl":"https://wx.qlogo.cn/mmopen/vi_32/Q0j4TwGTfTITN57H46ByKcNpJUn962oP9OY3MVVwWEomEPdxVAfPEdxyTmUCDNcrefIhm8zmEWYfIt4cZr6IZQ/132","highestApm":42,"questionObtain":true,"peopleSum":599,"usersHeadImageUrl":[{"headImageUrl":"https://wx.qlogo.cn/mmopen/vi_32/IIlchyWEJQNulzIqKv7Hx8px4J3RKHBqnNSUSkdNUg1ibUGgU6PNGRiblRlWcPYlsyttibcVw98SoDk5QClhUuLKA/132"},{"headImageUrl":"https://wx.qlogo.cn/mmopen/vi_32/IIlchyWEJQNulzIqKv7Hx8px4J3RKHBqnNSUSkdNUg1ibUGgU6PNGRiblRlWcPYlsyttibcVw98SoDk5QClhUuLKA/132"},{"headImageUrl":"https://wx.qlogo.cn/mmopen/vi_32/Q0j4TwGTfTITN57H46ByKcNpJUn962oP9OY3MVVwWEomEPdxVAfPEdxyTmUCDNcrefIhm8zmEWYfIt4cZr6IZQ/132"}],"extraChance":0,"questionSum":1220}</msg>
<msg timestamp="20181009 17:42:47.658" level="INFO">/usr/local/lib/python3.7/site-packages/urllib3/connectionpool.py:857: InsecureRequestWarning: Unverified HTTPS request is being made. Adding certificate verification is strongly advised. See: https://urllib3.readthedocs.io/en/latest/advanced-usage.html#ssl-warnings
  InsecureRequestWarning)</msg>
<msg timestamp="20181009 17:42:47.658" level="INFO">${resp} = (200, {'chance': 2, 'helpUsersInfo': [], 'nickName': '赵爽', 'headImageUrl': 'https://wx.qlogo.cn/mmopen/vi_32/Q0j4TwGTfTITN57H46ByKcNpJUn962oP9OY3MVVwWEomEPdxVAfPEdxyTmUCDNcrefIhm8zmEWYfIt4cZr6IZQ/132'...</msg>
<msg timestamp="20181009 17:42:47.658" level="INFO">${resp_text} = {"chance":2,"helpUsersInfo":[],"nickName":"赵爽","headImageUrl":"https://wx.qlogo.cn/mmopen/vi_32/Q0j4TwGTfTITN57H46ByKcNpJUn962oP9OY3MVVwWEomEPdxVAfPEdxyTmUCDNcrefIhm8zmEWYfIt4cZr6IZQ/132","highestApm"...</msg>
<status status="PASS" starttime="20181009 17:42:47.465" endtime="20181009 17:42:47.658"></status>
</kw>
<kw name="Should Be True" library="BuiltIn">
<doc>Fails if the given condition is not true.</doc>
<arguments>
<arg>${resp[0]}==200</arg>
<arg>${resp_text}</arg>
</arguments>
<status status="PASS" starttime="20181009 17:42:47.658" endtime="20181009 17:42:47.659"></status>
</kw>
<kw name="Log" library="BuiltIn">
<doc>Logs the given message with the given level.</doc>
<arguments>
<arg>${resp_text}</arg>
</arguments>
<msg timestamp="20181009 17:42:47.659" level="INFO">{"chance":2,"helpUsersInfo":[],"nickName":"赵爽","headImageUrl":"https://wx.qlogo.cn/mmopen/vi_32/Q0j4TwGTfTITN57H46ByKcNpJUn962oP9OY3MVVwWEomEPdxVAfPEdxyTmUCDNcrefIhm8zmEWYfIt4cZr6IZQ/132","highestApm":42,"questionObtain":true,"peopleSum":599,"usersHeadImageUrl":[{"headImageUrl":"https://wx.qlogo.cn/mmopen/vi_32/IIlchyWEJQNulzIqKv7Hx8px4J3RKHBqnNSUSkdNUg1ibUGgU6PNGRiblRlWcPYlsyttibcVw98SoDk5QClhUuLKA/132"},{"headImageUrl":"https://wx.qlogo.cn/mmopen/vi_32/IIlchyWEJQNulzIqKv7Hx8px4J3RKHBqnNSUSkdNUg1ibUGgU6PNGRiblRlWcPYlsyttibcVw98SoDk5QClhUuLKA/132"},{"headImageUrl":"https://wx.qlogo.cn/mmopen/vi_32/Q0j4TwGTfTITN57H46ByKcNpJUn962oP9OY3MVVwWEomEPdxVAfPEdxyTmUCDNcrefIhm8zmEWYfIt4cZr6IZQ/132"}],"extraChance":0,"questionSum":1220}</msg>
<status status="PASS" starttime="20181009 17:42:47.659" endtime="20181009 17:42:47.659"></status>
</kw>
<msg timestamp="20181009 17:42:47.660" level="INFO">${resp} = {'chance': 2, 'helpUsersInfo': [], 'nickName': '赵爽', 'headImageUrl': 'https://wx.qlogo.cn/mmopen/vi_32/Q0j4TwGTfTITN57H46ByKcNpJUn962oP9OY3MVVwWEomEPdxVAfPEdxyTmUCDNcrefIhm8zmEWYfIt4cZr6IZQ/132', 'hig...</msg>
<status status="PASS" starttime="20181009 17:42:47.464" endtime="20181009 17:42:47.660"></status>
</kw>
<kw name="Set Suite Variable" library="BuiltIn">
<doc>Makes a variable available everywhere within the scope of the current suite.</doc>
<arguments>
<arg>${chance}</arg>
<arg>${resp['chance']}</arg>
</arguments>
<msg timestamp="20181009 17:42:47.661" level="INFO">${chance} = 2</msg>
<status status="PASS" starttime="20181009 17:42:47.660" endtime="20181009 17:42:47.661"></status>
</kw>
<kw name="docmentAssert" library="BusApiCom">
<arguments>
<arg>get</arg>
<arg>/activity/pointQuestion/home</arg>
<arg>${resp}</arg>
</arguments>
<assign>
<var>${result}</var>
</assign>
<kw name="GetResp Doc" library="JsonRead">
<arguments>
<arg>${mode}</arg>
<arg>${path}</arg>
</arguments>
<assign>
<var>${resp_doc}</var>
</assign>
<msg timestamp="20181009 17:42:47.683" level="INFO">${resp_doc} = {'nickName': 'string', 'headImageUrl': 'string', 'highestApm': 0, 'chance': 0, 'extraChance': 'string', 'helpUsersInfo': 'string', 'peopleSum': 0, 'questionObtain': True, 'questionSum': 0, 'usersHeadI...</msg>
<status status="PASS" starttime="20181009 17:42:47.662" endtime="20181009 17:42:47.684"></status>
</kw>
<kw name="Log" library="BuiltIn">
<doc>Logs the given message with the given level.</doc>
<arguments>
<arg>${resp}</arg>
</arguments>
<msg timestamp="20181009 17:42:47.684" level="INFO">{'chance': 2, 'helpUsersInfo': [], 'nickName': '赵爽', 'headImageUrl': 'https://wx.qlogo.cn/mmopen/vi_32/Q0j4TwGTfTITN57H46ByKcNpJUn962oP9OY3MVVwWEomEPdxVAfPEdxyTmUCDNcrefIhm8zmEWYfIt4cZr6IZQ/132', 'highestApm': 42, 'questionObtain': True, 'peopleSum': 599, 'usersHeadImageUrl': [{'headImageUrl': 'https://wx.qlogo.cn/mmopen/vi_32/IIlchyWEJQNulzIqKv7Hx8px4J3RKHBqnNSUSkdNUg1ibUGgU6PNGRiblRlWcPYlsyttibcVw98SoDk5QClhUuLKA/132'}, {'headImageUrl': 'https://wx.qlogo.cn/mmopen/vi_32/IIlchyWEJQNulzIqKv7Hx8px4J3RKHBqnNSUSkdNUg1ibUGgU6PNGRiblRlWcPYlsyttibcVw98SoDk5QClhUuLKA/132'}, {'headImageUrl': 'https://wx.qlogo.cn/mmopen/vi_32/Q0j4TwGTfTITN57H46ByKcNpJUn962oP9OY3MVVwWEomEPdxVAfPEdxyTmUCDNcrefIhm8zmEWYfIt4cZr6IZQ/132'}], 'extraChance': 0, 'questionSum': 1220}</msg>
<status status="PASS" starttime="20181009 17:42:47.684" endtime="20181009 17:42:47.684"></status>
</kw>
<kw name="Log" library="BuiltIn">
<doc>Logs the given message with the given level.</doc>
<arguments>
<arg>${resp_doc}</arg>
</arguments>
<msg timestamp="20181009 17:42:47.684" level="INFO">{'nickName': 'string', 'headImageUrl': 'string', 'highestApm': 0, 'chance': 0, 'extraChance': 'string', 'helpUsersInfo': 'string', 'peopleSum': 0, 'questionObtain': True, 'questionSum': 0, 'usersHeadImageUrl': [{'headImageUrl': 'string'}]}</msg>
<status status="PASS" starttime="20181009 17:42:47.684" endtime="20181009 17:42:47.684"></status>
</kw>
<kw name="Assert Resp" library="AssertResp">
<doc>断言接口返回值的字段类型与文档是否一致</doc>
<arguments>
<arg>${resp}</arg>
<arg>${resp_doc}</arg>
</arguments>
<assign>
<var>${result}</var>
</assign>
<msg timestamp="20181009 17:42:47.685" level="INFO">${result} = [True]</msg>
<status status="PASS" starttime="20181009 17:42:47.685" endtime="20181009 17:42:47.685"></status>
</kw>
<msg timestamp="20181009 17:42:47.685" level="INFO">${result} = [True]</msg>
<status status="PASS" starttime="20181009 17:42:47.661" endtime="20181009 17:42:47.685"></status>
</kw>
<kw name="Should Be True" library="BuiltIn">
<doc>Fails if the given condition is not true.</doc>
<arguments>
<arg>${result[0]}</arg>
<arg>${result}</arg>
</arguments>
<status status="PASS" starttime="20181009 17:42:47.685" endtime="20181009 17:42:47.685"></status>
</kw>
<doc>小心心首页</doc>
<tags>
<tag>Activity</tag>
<tag>DocTest</tag>
<tag>Run</tag>
</tags>
<status status="PASS" starttime="20181009 17:42:47.440" endtime="20181009 17:42:47.686" critical="yes"></status>
</test>
<test id="s1-s1-t3" name="get/activity/APM/ranking">
<kw name="getApiResp" library="BusApiCom">
<arguments>
<arg>get</arg>
<arg>/activity/APM/ranking</arg>
</arguments>
<assign>
<var>${resp}</var>
</assign>
<kw name="GetResponse 2" library="HttpRequest">
<arguments>
<arg>${mode}</arg>
<arg>${path}</arg>
<arg>&amp;{dict}</arg>
</arguments>
<assign>
<var>${resp}</var>
<var>${resp_text}</var>
</assign>
<msg timestamp="20181009 17:42:47.795" level="INFO">get     URL =  https://exam.zmgongzuoshi.top/api/v1/activity/APM/ranking
Headers =  {'Authorization': 'eyJhbGciOiJIUzUxMiJ9.eyJhIjpudWxsLCJzIjoibzJFSVYwY2gwcVN4MDFVa0RHemZwUUdnRVprcyIsImMiOjE1MzgwMTU1MzM2NjcsImUiOjE1MzkzMTE1MzM2NjcsImkiOjEzMDM5NX0.6eQob2m2Y6UUK3uLwzG-JlYn_PXhArInpVmMeUSw5QLAzfFbUI5YcFBd35CZOujyzhLMsUvl6K_LlE_0IMSgHQ', 'ReqChannel': 'MASTER'}
Params =  
Resp =  {"userInfo":[{"userId":null,"headImgUrl":"https://wx.qlogo.cn/mmopen/vi_32/IIlchyWEJQNulzIqKv7Hx8px4J3RKHBqnNSUSkdNUg1ibUGgU6PNGRiblRlWcPYlsyttibcVw98SoDk5QClhUuLKA/132","nickName":"南栀倾寒...","title":"兰花拂穴手","questionSum":25,"apm":58,"apmQuestionRate":580025.0,"rankingNum":"1","currentUser":false,"modifiDate":"2018-08-28 17:56:12","chance":1,"extraChance":0,"todayGain":1,"newNumber":null},{"userId":null,"headImgUrl":"https://wx.qlogo.cn/mmopen/vi_32/IIlchyWEJQNulzIqKv7Hx8px4J3RKHBqnNSUSkdNUg1ibUGgU6PNGRiblRlWcPYlsyttibcVw98SoDk5QClhUuLKA/132","nickName":"南栀倾寒...","title":"兰花拂穴手","questionSum":25,"apm":45,"apmQuestionRate":450025.0,"rankingNum":"2","currentUser":false,"modifiDate":"2018-09-03 13:58:11","chance":1,"extraChance":0,"todayGain":1,"newNumber":null},{"userId":null,"headImgUrl":"https://wx.qlogo.cn/mmopen/vi_32/Q0j4TwGTfTITN57H46ByKcNpJUn962oP9OY3MVVwWEomEPdxVAfPEdxyTmUCDNcrefIhm8zmEWYfIt4cZr6IZQ/132","nickName":"赵爽","title":"兰花拂穴手","questionSum":1220,"apm":42,"apmQuestionRate":421220.0,"rankingNum":"3","currentUser":true,"modifiDate":"2018-09-30 14:10:40","chance":1,"extraChance":0,"todayGain":1,"newNumber":620},{"userId":null,"headImgUrl":"https://wx.qlogo.cn/mmopen/vi_32/Q0j4TwGTfTJACgeBXJY5KEEyiaesb8Y9nIRL5UdxPIl6dJ7raKjUy5iboSI9PFyu80qw0CibwkgDwJXZ1ESdTWJTA/132","nickName":"梦缘森...","title":"兰花拂穴手","questionSum":40,"apm":42,"apmQuestionRate":420040.0,"rankingNum":"4","currentUser":false,"modifiDate":"2018-09-30 15:09:04","chance":0,"extraChance":0,"todayGain":2,"newNumber":20},{"userId":null,"headImgUrl":"https://wx.qlogo.cn/mmopen/vi_32/DYAIOgq83epjcnHTNuCHWFeoFq544ibwtyZbUaaBSRzGfhTYjMmMlICTOqoqTHOayZy24wHh8zBwdibWmVv0yM8w/132","nickName":"Buil...","title":"玉女无痕手","questionSum":20,"apm":39,"apmQuestionRate":390020.0,"rankingNum":"5","currentUser":false,"modifiDate":"2018-08-23 18:06:06","chance":1,"extraChance":0,"todayGain":1,"newNumber":null},{"userId":null,"headImgUrl":"https://wx.qlogo.cn/mmopen/vi_32/DYAIOgq83erhsOZ2YaD3LyHldqpYYfTDQhovia3Er4Z0seFmQKKrefla6XvoNQlaJKNHWMzyB6ejert7vb8bARg/132","nickName":"\uD83C\uDF3B\uD83D\uDCA4...","title":"玉女无痕手","questionSum":50,"apm":35,"apmQuestionRate":350050.0,"rankingNum":"6","currentUser":false,"modifiDate":"2018-08-28 11:53:47","chance":0,"extraChance":0,"todayGain":2,"newNumber":0}],"meInfo":{"userId":null,"headImgUrl":"https://wx.qlogo.cn/mmopen/vi_32/Q0j4TwGTfTITN57H46ByKcNpJUn962oP9OY3MVVwWEomEPdxVAfPEdxyTmUCDNcrefIhm8zmEWYfIt4cZr6IZQ/132","nickName":"赵爽","title":"兰花拂穴手","questionSum":1220,"apm":42,"apmQuestionRate":421220.0,"rankingNum":"3","currentUser":true,"modifiDate":"2018-09-30 14:10:40","chance":1,"extraChance":0,"todayGain":1,"newNumber":620}}</msg>
<msg timestamp="20181009 17:42:47.795" level="INFO">/usr/local/lib/python3.7/site-packages/urllib3/connectionpool.py:857: InsecureRequestWarning: Unverified HTTPS request is being made. Adding certificate verification is strongly advised. See: https://urllib3.readthedocs.io/en/latest/advanced-usage.html#ssl-warnings
  InsecureRequestWarning)</msg>
<msg timestamp="20181009 17:42:47.796" level="INFO">${resp} = (200, {'userInfo': [{'userId': None, 'headImgUrl': 'https://wx.qlogo.cn/mmopen/vi_32/IIlchyWEJQNulzIqKv7Hx8px4J3RKHBqnNSUSkdNUg1ibUGgU6PNGRiblRlWcPYlsyttibcVw98SoDk5QClhUuLKA/132', 'nickName': '南栀倾寒.....</msg>
<msg timestamp="20181009 17:42:47.796" level="INFO">${resp_text} = {"userInfo":[{"userId":null,"headImgUrl":"https://wx.qlogo.cn/mmopen/vi_32/IIlchyWEJQNulzIqKv7Hx8px4J3RKHBqnNSUSkdNUg1ibUGgU6PNGRiblRlWcPYlsyttibcVw98SoDk5QClhUuLKA/132","nickName":"南栀倾寒...","title":"...</msg>
<status status="PASS" starttime="20181009 17:42:47.687" endtime="20181009 17:42:47.796"></status>
</kw>
<kw name="Should Be True" library="BuiltIn">
<doc>Fails if the given condition is not true.</doc>
<arguments>
<arg>${resp[0]}==200</arg>
<arg>${resp_text}</arg>
</arguments>
<status status="PASS" starttime="20181009 17:42:47.796" endtime="20181009 17:42:47.797"></status>
</kw>
<kw name="Log" library="BuiltIn">
<doc>Logs the given message with the given level.</doc>
<arguments>
<arg>${resp_text}</arg>
</arguments>
<msg timestamp="20181009 17:42:47.797" level="INFO">{"userInfo":[{"userId":null,"headImgUrl":"https://wx.qlogo.cn/mmopen/vi_32/IIlchyWEJQNulzIqKv7Hx8px4J3RKHBqnNSUSkdNUg1ibUGgU6PNGRiblRlWcPYlsyttibcVw98SoDk5QClhUuLKA/132","nickName":"南栀倾寒...","title":"兰花拂穴手","questionSum":25,"apm":58,"apmQuestionRate":580025.0,"rankingNum":"1","currentUser":false,"modifiDate":"2018-08-28 17:56:12","chance":1,"extraChance":0,"todayGain":1,"newNumber":null},{"userId":null,"headImgUrl":"https://wx.qlogo.cn/mmopen/vi_32/IIlchyWEJQNulzIqKv7Hx8px4J3RKHBqnNSUSkdNUg1ibUGgU6PNGRiblRlWcPYlsyttibcVw98SoDk5QClhUuLKA/132","nickName":"南栀倾寒...","title":"兰花拂穴手","questionSum":25,"apm":45,"apmQuestionRate":450025.0,"rankingNum":"2","currentUser":false,"modifiDate":"2018-09-03 13:58:11","chance":1,"extraChance":0,"todayGain":1,"newNumber":null},{"userId":null,"headImgUrl":"https://wx.qlogo.cn/mmopen/vi_32/Q0j4TwGTfTITN57H46ByKcNpJUn962oP9OY3MVVwWEomEPdxVAfPEdxyTmUCDNcrefIhm8zmEWYfIt4cZr6IZQ/132","nickName":"赵爽","title":"兰花拂穴手","questionSum":1220,"apm":42,"apmQuestionRate":421220.0,"rankingNum":"3","currentUser":true,"modifiDate":"2018-09-30 14:10:40","chance":1,"extraChance":0,"todayGain":1,"newNumber":620},{"userId":null,"headImgUrl":"https://wx.qlogo.cn/mmopen/vi_32/Q0j4TwGTfTJACgeBXJY5KEEyiaesb8Y9nIRL5UdxPIl6dJ7raKjUy5iboSI9PFyu80qw0CibwkgDwJXZ1ESdTWJTA/132","nickName":"梦缘森...","title":"兰花拂穴手","questionSum":40,"apm":42,"apmQuestionRate":420040.0,"rankingNum":"4","currentUser":false,"modifiDate":"2018-09-30 15:09:04","chance":0,"extraChance":0,"todayGain":2,"newNumber":20},{"userId":null,"headImgUrl":"https://wx.qlogo.cn/mmopen/vi_32/DYAIOgq83epjcnHTNuCHWFeoFq544ibwtyZbUaaBSRzGfhTYjMmMlICTOqoqTHOayZy24wHh8zBwdibWmVv0yM8w/132","nickName":"Buil...","title":"玉女无痕手","questionSum":20,"apm":39,"apmQuestionRate":390020.0,"rankingNum":"5","currentUser":false,"modifiDate":"2018-08-23 18:06:06","chance":1,"extraChance":0,"todayGain":1,"newNumber":null},{"userId":null,"headImgUrl":"https://wx.qlogo.cn/mmopen/vi_32/DYAIOgq83erhsOZ2YaD3LyHldqpYYfTDQhovia3Er4Z0seFmQKKrefla6XvoNQlaJKNHWMzyB6ejert7vb8bARg/132","nickName":"\uD83C\uDF3B\uD83D\uDCA4...","title":"玉女无痕手","questionSum":50,"apm":35,"apmQuestionRate":350050.0,"rankingNum":"6","currentUser":false,"modifiDate":"2018-08-28 11:53:47","chance":0,"extraChance":0,"todayGain":2,"newNumber":0}],"meInfo":{"userId":null,"headImgUrl":"https://wx.qlogo.cn/mmopen/vi_32/Q0j4TwGTfTITN57H46ByKcNpJUn962oP9OY3MVVwWEomEPdxVAfPEdxyTmUCDNcrefIhm8zmEWYfIt4cZr6IZQ/132","nickName":"赵爽","title":"兰花拂穴手","questionSum":1220,"apm":42,"apmQuestionRate":421220.0,"rankingNum":"3","currentUser":true,"modifiDate":"2018-09-30 14:10:40","chance":1,"extraChance":0,"todayGain":1,"newNumber":620}}</msg>
<status status="PASS" starttime="20181009 17:42:47.797" endtime="20181009 17:42:47.798"></status>
</kw>
<msg timestamp="20181009 17:42:47.798" level="INFO">${resp} = {'userInfo': [{'userId': None, 'headImgUrl': 'https://wx.qlogo.cn/mmopen/vi_32/IIlchyWEJQNulzIqKv7Hx8px4J3RKHBqnNSUSkdNUg1ibUGgU6PNGRiblRlWcPYlsyttibcVw98SoDk5QClhUuLKA/132', 'nickName': '南栀倾寒...', 't...</msg>
<status status="PASS" starttime="20181009 17:42:47.687" endtime="20181009 17:42:47.798"></status>
</kw>
<kw name="docmentAssert" library="BusApiCom">
<arguments>
<arg>get</arg>
<arg>/activity/APM/ranking</arg>
<arg>${resp}</arg>
</arguments>
<assign>
<var>${result}</var>
</assign>
<kw name="GetResp Doc" library="JsonRead">
<arguments>
<arg>${mode}</arg>
<arg>${path}</arg>
</arguments>
<assign>
<var>${resp_doc}</var>
</assign>
<msg timestamp="20181009 17:42:47.824" level="INFO">${resp_doc} = {'userInfo': [{'rankingNum': 'string', 'currentUser': True, 'headImgUrl': 'string', 'nickName': 'string', 'title': 'string', 'questionSum': 0, 'apm': 0, 'apmQuestionRate': 1.0, 'chance': 0, 'extraChan...</msg>
<status status="PASS" starttime="20181009 17:42:47.799" endtime="20181009 17:42:47.824"></status>
</kw>
<kw name="Log" library="BuiltIn">
<doc>Logs the given message with the given level.</doc>
<arguments>
<arg>${resp}</arg>
</arguments>
<msg timestamp="20181009 17:42:47.825" level="INFO">{'userInfo': [{'userId': None, 'headImgUrl': 'https://wx.qlogo.cn/mmopen/vi_32/IIlchyWEJQNulzIqKv7Hx8px4J3RKHBqnNSUSkdNUg1ibUGgU6PNGRiblRlWcPYlsyttibcVw98SoDk5QClhUuLKA/132', 'nickName': '南栀倾寒...', 'title': '兰花拂穴手', 'questionSum': 25, 'apm': 58, 'apmQuestionRate': 580025.0, 'rankingNum': '1', 'currentUser': False, 'modifiDate': '2018-08-28 17:56:12', 'chance': 1, 'extraChance': 0, 'todayGain': 1, 'newNumber': None}, {'userId': None, 'headImgUrl': 'https://wx.qlogo.cn/mmopen/vi_32/IIlchyWEJQNulzIqKv7Hx8px4J3RKHBqnNSUSkdNUg1ibUGgU6PNGRiblRlWcPYlsyttibcVw98SoDk5QClhUuLKA/132', 'nickName': '南栀倾寒...', 'title': '兰花拂穴手', 'questionSum': 25, 'apm': 45, 'apmQuestionRate': 450025.0, 'rankingNum': '2', 'currentUser': False, 'modifiDate': '2018-09-03 13:58:11', 'chance': 1, 'extraChance': 0, 'todayGain': 1, 'newNumber': None}, {'userId': None, 'headImgUrl': 'https://wx.qlogo.cn/mmopen/vi_32/Q0j4TwGTfTITN57H46ByKcNpJUn962oP9OY3MVVwWEomEPdxVAfPEdxyTmUCDNcrefIhm8zmEWYfIt4cZr6IZQ/132', 'nickName': '赵爽', 'title': '兰花拂穴手', 'questionSum': 1220, 'apm': 42, 'apmQuestionRate': 421220.0, 'rankingNum': '3', 'currentUser': True, 'modifiDate': '2018-09-30 14:10:40', 'chance': 1, 'extraChance': 0, 'todayGain': 1, 'newNumber': 620}, {'userId': None, 'headImgUrl': 'https://wx.qlogo.cn/mmopen/vi_32/Q0j4TwGTfTJACgeBXJY5KEEyiaesb8Y9nIRL5UdxPIl6dJ7raKjUy5iboSI9PFyu80qw0CibwkgDwJXZ1ESdTWJTA/132', 'nickName': '梦缘森\ue002...', 'title': '兰花拂穴手', 'questionSum': 40, 'apm': 42, 'apmQuestionRate': 420040.0, 'rankingNum': '4', 'currentUser': False, 'modifiDate': '2018-09-30 15:09:04', 'chance': 0, 'extraChance': 0, 'todayGain': 2, 'newNumber': 20}, {'userId': None, 'headImgUrl': 'https://wx.qlogo.cn/mmopen/vi_32/DYAIOgq83epjcnHTNuCHWFeoFq544ibwtyZbUaaBSRzGfhTYjMmMlICTOqoqTHOayZy24wHh8zBwdibWmVv0yM8w/132', 'nickName': 'Buil...', 'title': '玉女无痕手', 'questionSum': 20, 'apm': 39, 'apmQuestionRate': 390020.0, 'rankingNum': '5', 'currentUser': False, 'modifiDate': '2018-08-23 18:06:06', 'chance': 1, 'extraChance': 0, 'todayGain': 1, 'newNumber': None}, {'userId': None, 'headImgUrl': 'https://wx.qlogo.cn/mmopen/vi_32/DYAIOgq83erhsOZ2YaD3LyHldqpYYfTDQhovia3Er4Z0seFmQKKrefla6XvoNQlaJKNHWMzyB6ejert7vb8bARg/132', 'nickName': '🌻💤...', 'title': '玉女无痕手', 'questionSum': 50, 'apm': 35, 'apmQuestionRate': 350050.0, 'rankingNum': '6', 'currentUser': False, 'modifiDate': '2018-08-28 11:53:47', 'chance': 0, 'extraChance': 0, 'todayGain': 2, 'newNumber': 0}], 'meInfo': {'userId': None, 'headImgUrl': 'https://wx.qlogo.cn/mmopen/vi_32/Q0j4TwGTfTITN57H46ByKcNpJUn962oP9OY3MVVwWEomEPdxVAfPEdxyTmUCDNcrefIhm8zmEWYfIt4cZr6IZQ/132', 'nickName': '赵爽', 'title': '兰花拂穴手', 'questionSum': 1220, 'apm': 42, 'apmQuestionRate': 421220.0, 'rankingNum': '3', 'currentUser': True, 'modifiDate': '2018-09-30 14:10:40', 'chance': 1, 'extraChance': 0, 'todayGain': 1, 'newNumber': 620}}</msg>
<status status="PASS" starttime="20181009 17:42:47.824" endtime="20181009 17:42:47.825"></status>
</kw>
<kw name="Log" library="BuiltIn">
<doc>Logs the given message with the given level.</doc>
<arguments>
<arg>${resp_doc}</arg>
</arguments>
<msg timestamp="20181009 17:42:47.825" level="INFO">{'userInfo': [{'rankingNum': 'string', 'currentUser': True, 'headImgUrl': 'string', 'nickName': 'string', 'title': 'string', 'questionSum': 0, 'apm': 0, 'apmQuestionRate': 1.0, 'chance': 0, 'extraChance': 'string', 'modifiDate': 'string', 'newNumber': 0, 'todayGain': 0, 'userId': 0}], 'meInfo': {'rankingNum': 'string', 'headImgUrl': 'string', 'nickName': 'string', 'title': 'string', 'questionSum': 0, 'apm': 0, 'apmQuestionRate': 1.0, 'chance': 0, 'currentUser': True, 'extraChance': 'string', 'modifiDate': 'string', 'newNumber': 0, 'todayGain': 0, 'userId': 0}}</msg>
<status status="PASS" starttime="20181009 17:42:47.825" endtime="20181009 17:42:47.825"></status>
</kw>
<kw name="Assert Resp" library="AssertResp">
<doc>断言接口返回值的字段类型与文档是否一致</doc>
<arguments>
<arg>${resp}</arg>
<arg>${resp_doc}</arg>
</arguments>
<assign>
<var>${result}</var>
</assign>
<msg timestamp="20181009 17:42:47.826" level="INFO">${result} = [True]</msg>
<status status="PASS" starttime="20181009 17:42:47.825" endtime="20181009 17:42:47.826"></status>
</kw>
<msg timestamp="20181009 17:42:47.826" level="INFO">${result} = [True]</msg>
<status status="PASS" starttime="20181009 17:42:47.798" endtime="20181009 17:42:47.826"></status>
</kw>
<kw name="Should Be True" library="BuiltIn">
<doc>Fails if the given condition is not true.</doc>
<arguments>
<arg>${result[0]}</arg>
<arg>${result}</arg>
</arguments>
<status status="PASS" starttime="20181009 17:42:47.826" endtime="20181009 17:42:47.826"></status>
</kw>
<doc>小心心手速排行榜</doc>
<tags>
<tag>Activity</tag>
<tag>DocTest</tag>
<tag>Run</tag>
</tags>
<status status="PASS" starttime="20181009 17:42:47.686" endtime="20181009 17:42:47.826" critical="yes"></status>
</test>
<test id="s1-s1-t4" name="get/activity/pointQuestion/final">
<kw name="Pass Execution If" library="BuiltIn">
<doc>Conditionally skips rest of the current test, setup, or teardown with PASS status.</doc>
<arguments>
<arg>${chance}==0</arg>
<arg>剩余机会为0，不能在点击了</arg>
</arguments>
<status status="PASS" starttime="20181009 17:42:47.828" endtime="20181009 17:42:47.828"></status>
</kw>
<kw name="GetParam Doc" library="JsonRead">
<arguments>
<arg>get</arg>
<arg>/activity/pointQuestion/final</arg>
</arguments>
<assign>
<var>${params}</var>
</assign>
<msg timestamp="20181009 17:42:47.849" level="INFO">${params} = {'num': 0, 'questionObtain': True}</msg>
<status status="PASS" starttime="20181009 17:42:47.828" endtime="20181009 17:42:47.849"></status>
</kw>
<kw name="Set To Dictionary" library="Collections">
<doc>Adds the given ``key_value_pairs`` and ``items`` to the ``dictionary``.</doc>
<arguments>
<arg>${params}</arg>
<arg>num=42</arg>
</arguments>
<status status="PASS" starttime="20181009 17:42:47.849" endtime="20181009 17:42:47.849"></status>
</kw>
<kw name="getApiResp" library="BusApiCom">
<arguments>
<arg>get</arg>
<arg>/activity/pointQuestion/final</arg>
<arg>params=${params}</arg>
</arguments>
<assign>
<var>${resp}</var>
</assign>
<kw name="GetResponse 2" library="HttpRequest">
<arguments>
<arg>${mode}</arg>
<arg>${path}</arg>
<arg>&amp;{dict}</arg>
</arguments>
<assign>
<var>${resp}</var>
<var>${resp_text}</var>
</assign>
<msg timestamp="20181009 17:42:47.965" level="INFO">get     URL =  https://exam.zmgongzuoshi.top/api/v1/activity/pointQuestion/final?num=42&amp;questionObtain=True
Headers =  {'Authorization': 'eyJhbGciOiJIUzUxMiJ9.eyJhIjpudWxsLCJzIjoibzJFSVYwY2gwcVN4MDFVa0RHemZwUUdnRVprcyIsImMiOjE1MzgwMTU1MzM2NjcsImUiOjE1MzkzMTE1MzM2NjcsImkiOjEzMDM5NX0.6eQob2m2Y6UUK3uLwzG-JlYn_PXhArInpVmMeUSw5QLAzfFbUI5YcFBd35CZOujyzhLMsUvl6K_LlE_0IMSgHQ', 'ReqChannel': 'MASTER'}
Params =  {'num': '42', 'questionObtain': True}
Resp =  {"pointSum":42,"question":20,"title":"兰花拂穴手"}</msg>
<msg timestamp="20181009 17:42:47.965" level="INFO">/usr/local/lib/python3.7/site-packages/urllib3/connectionpool.py:857: InsecureRequestWarning: Unverified HTTPS request is being made. Adding certificate verification is strongly advised. See: https://urllib3.readthedocs.io/en/latest/advanced-usage.html#ssl-warnings
  InsecureRequestWarning)</msg>
<msg timestamp="20181009 17:42:47.965" level="INFO">${resp} = (200, {'pointSum': 42, 'question': 20, 'title': '兰花拂穴手'})</msg>
<msg timestamp="20181009 17:42:47.965" level="INFO">${resp_text} = {"pointSum":42,"question":20,"title":"兰花拂穴手"}</msg>
<status status="PASS" starttime="20181009 17:42:47.850" endtime="20181009 17:42:47.966"></status>
</kw>
<kw name="Should Be True" library="BuiltIn">
<doc>Fails if the given condition is not true.</doc>
<arguments>
<arg>${resp[0]}==200</arg>
<arg>${resp_text}</arg>
</arguments>
<status status="PASS" starttime="20181009 17:42:47.966" endtime="20181009 17:42:47.966"></status>
</kw>
<kw name="Log" library="BuiltIn">
<doc>Logs the given message with the given level.</doc>
<arguments>
<arg>${resp_text}</arg>
</arguments>
<msg timestamp="20181009 17:42:47.966" level="INFO">{"pointSum":42,"question":20,"title":"兰花拂穴手"}</msg>
<status status="PASS" starttime="20181009 17:42:47.966" endtime="20181009 17:42:47.967"></status>
</kw>
<msg timestamp="20181009 17:42:47.967" level="INFO">${resp} = {'pointSum': 42, 'question': 20, 'title': '兰花拂穴手'}</msg>
<status status="PASS" starttime="20181009 17:42:47.849" endtime="20181009 17:42:47.967"></status>
</kw>
<kw name="docmentAssert" library="BusApiCom">
<arguments>
<arg>get</arg>
<arg>/activity/pointQuestion/final</arg>
<arg>${resp}</arg>
</arguments>
<assign>
<var>${result}</var>
</assign>
<kw name="GetResp Doc" library="JsonRead">
<arguments>
<arg>${mode}</arg>
<arg>${path}</arg>
</arguments>
<assign>
<var>${resp_doc}</var>
</assign>
<msg timestamp="20181009 17:42:47.993" level="INFO">${resp_doc} = {'pointSum': 0, 'question': 0, 'title': 'string'}</msg>
<status status="PASS" starttime="20181009 17:42:47.968" endtime="20181009 17:42:47.993"></status>
</kw>
<kw name="Log" library="BuiltIn">
<doc>Logs the given message with the given level.</doc>
<arguments>
<arg>${resp}</arg>
</arguments>
<msg timestamp="20181009 17:42:47.993" level="INFO">{'pointSum': 42, 'question': 20, 'title': '兰花拂穴手'}</msg>
<status status="PASS" starttime="20181009 17:42:47.993" endtime="20181009 17:42:47.993"></status>
</kw>
<kw name="Log" library="BuiltIn">
<doc>Logs the given message with the given level.</doc>
<arguments>
<arg>${resp_doc}</arg>
</arguments>
<msg timestamp="20181009 17:42:47.994" level="INFO">{'pointSum': 0, 'question': 0, 'title': 'string'}</msg>
<status status="PASS" starttime="20181009 17:42:47.993" endtime="20181009 17:42:47.994"></status>
</kw>
<kw name="Assert Resp" library="AssertResp">
<doc>断言接口返回值的字段类型与文档是否一致</doc>
<arguments>
<arg>${resp}</arg>
<arg>${resp_doc}</arg>
</arguments>
<assign>
<var>${result}</var>
</assign>
<msg timestamp="20181009 17:42:47.994" level="INFO">${result} = [True]</msg>
<status status="PASS" starttime="20181009 17:42:47.994" endtime="20181009 17:42:47.994"></status>
</kw>
<msg timestamp="20181009 17:42:47.995" level="INFO">${result} = [True]</msg>
<status status="PASS" starttime="20181009 17:42:47.968" endtime="20181009 17:42:47.995"></status>
</kw>
<kw name="Should Be True" library="BuiltIn">
<doc>Fails if the given condition is not true.</doc>
<arguments>
<arg>${result[0]}</arg>
<arg>${result}</arg>
</arguments>
<status status="PASS" starttime="20181009 17:42:47.995" endtime="20181009 17:42:47.995"></status>
</kw>
<doc>小心心提交点击次数，返回数据</doc>
<tags>
<tag>Activity</tag>
<tag>DocTest</tag>
<tag>Run</tag>
</tags>
<status status="PASS" starttime="20181009 17:42:47.827" endtime="20181009 17:42:47.995" critical="yes"></status>
</test>
<test id="s1-s1-t5" name="post/activity/gifts">
<kw name="getApiResp" library="BusApiCom">
<arguments>
<arg>post</arg>
<arg>/activity/gifts</arg>
</arguments>
<assign>
<var>${resp}</var>
</assign>
<kw name="GetResponse 2" library="HttpRequest">
<arguments>
<arg>${mode}</arg>
<arg>${path}</arg>
<arg>&amp;{dict}</arg>
</arguments>
<assign>
<var>${resp}</var>
<var>${resp_text}</var>
</assign>
<msg timestamp="20181009 17:42:48.097" level="INFO">post     URL =  https://exam.zmgongzuoshi.top/api/v1/activity/gifts
Headers =  {'Authorization': 'eyJhbGciOiJIUzUxMiJ9.eyJhIjpudWxsLCJzIjoibzJFSVYwY2gwcVN4MDFVa0RHemZwUUdnRVprcyIsImMiOjE1MzgwMTU1MzM2NjcsImUiOjE1MzkzMTE1MzM2NjcsImkiOjEzMDM5NX0.6eQob2m2Y6UUK3uLwzG-JlYn_PXhArInpVmMeUSw5QLAzfFbUI5YcFBd35CZOujyzhLMsUvl6K_LlE_0IMSgHQ', 'ReqChannel': 'MASTER', 'Content-Type': 'application/json'}
Params =  
Resp =  {"success":false}</msg>
<msg timestamp="20181009 17:42:48.097" level="INFO">/usr/local/lib/python3.7/site-packages/urllib3/connectionpool.py:857: InsecureRequestWarning: Unverified HTTPS request is being made. Adding certificate verification is strongly advised. See: https://urllib3.readthedocs.io/en/latest/advanced-usage.html#ssl-warnings
  InsecureRequestWarning)</msg>
<msg timestamp="20181009 17:42:48.098" level="INFO">${resp} = (200, {'success': False})</msg>
<msg timestamp="20181009 17:42:48.098" level="INFO">${resp_text} = {"success":false}</msg>
<status status="PASS" starttime="20181009 17:42:47.997" endtime="20181009 17:42:48.098"></status>
</kw>
<kw name="Should Be True" library="BuiltIn">
<doc>Fails if the given condition is not true.</doc>
<arguments>
<arg>${resp[0]}==200</arg>
<arg>${resp_text}</arg>
</arguments>
<status status="PASS" starttime="20181009 17:42:48.098" endtime="20181009 17:42:48.099"></status>
</kw>
<kw name="Log" library="BuiltIn">
<doc>Logs the given message with the given level.</doc>
<arguments>
<arg>${resp_text}</arg>
</arguments>
<msg timestamp="20181009 17:42:48.099" level="INFO">{"success":false}</msg>
<status status="PASS" starttime="20181009 17:42:48.099" endtime="20181009 17:42:48.099"></status>
</kw>
<msg timestamp="20181009 17:42:48.100" level="INFO">${resp} = {'success': False}</msg>
<status status="PASS" starttime="20181009 17:42:47.996" endtime="20181009 17:42:48.100"></status>
</kw>
<kw name="docmentAssert" library="BusApiCom">
<arguments>
<arg>post</arg>
<arg>/activity/gifts</arg>
<arg>${resp}</arg>
</arguments>
<assign>
<var>${result}</var>
</assign>
<kw name="GetResp Doc" library="JsonRead">
<arguments>
<arg>${mode}</arg>
<arg>${path}</arg>
</arguments>
<assign>
<var>${resp_doc}</var>
</assign>
<msg timestamp="20181009 17:42:48.123" level="INFO">${resp_doc} = {'success': 'string'}</msg>
<status status="PASS" starttime="20181009 17:42:48.100" endtime="20181009 17:42:48.123"></status>
</kw>
<kw name="Log" library="BuiltIn">
<doc>Logs the given message with the given level.</doc>
<arguments>
<arg>${resp}</arg>
</arguments>
<msg timestamp="20181009 17:42:48.124" level="INFO">{'success': False}</msg>
<status status="PASS" starttime="20181009 17:42:48.124" endtime="20181009 17:42:48.124"></status>
</kw>
<kw name="Log" library="BuiltIn">
<doc>Logs the given message with the given level.</doc>
<arguments>
<arg>${resp_doc}</arg>
</arguments>
<msg timestamp="20181009 17:42:48.124" level="INFO">{'success': 'string'}</msg>
<status status="PASS" starttime="20181009 17:42:48.124" endtime="20181009 17:42:48.124"></status>
</kw>
<kw name="Assert Resp" library="AssertResp">
<doc>断言接口返回值的字段类型与文档是否一致</doc>
<arguments>
<arg>${resp}</arg>
<arg>${resp_doc}</arg>
</arguments>
<assign>
<var>${result}</var>
</assign>
<msg timestamp="20181009 17:42:48.125" level="INFO">${result} = [True]</msg>
<status status="PASS" starttime="20181009 17:42:48.124" endtime="20181009 17:42:48.125"></status>
</kw>
<msg timestamp="20181009 17:42:48.125" level="INFO">${result} = [True]</msg>
<status status="PASS" starttime="20181009 17:42:48.100" endtime="20181009 17:42:48.125"></status>
</kw>
<kw name="Should Be True" library="BuiltIn">
<doc>Fails if the given condition is not true.</doc>
<arguments>
<arg>${result[0]}</arg>
<arg>${result}</arg>
</arguments>
<status status="PASS" starttime="20181009 17:42:48.125" endtime="20181009 17:42:48.125"></status>
</kw>
<doc>大礼包领取</doc>
<tags>
<tag>Activity</tag>
<tag>DocTest</tag>
<tag>Run</tag>
</tags>
<status status="PASS" starttime="20181009 17:42:47.996" endtime="20181009 17:42:48.125" critical="yes"></status>
</test>
<test id="s1-s1-t6" name="get/activity/gifts/status">
<kw name="getApiResp" library="BusApiCom">
<arguments>
<arg>get</arg>
<arg>/activity/gifts/status</arg>
</arguments>
<assign>
<var>${resp}</var>
</assign>
<kw name="GetResponse 2" library="HttpRequest">
<arguments>
<arg>${mode}</arg>
<arg>${path}</arg>
<arg>&amp;{dict}</arg>
</arguments>
<assign>
<var>${resp}</var>
<var>${resp_text}</var>
</assign>
<msg timestamp="20181009 17:42:48.221" level="INFO">get     URL =  https://exam.zmgongzuoshi.top/api/v1/activity/gifts/status
Headers =  {'Authorization': 'eyJhbGciOiJIUzUxMiJ9.eyJhIjpudWxsLCJzIjoibzJFSVYwY2gwcVN4MDFVa0RHemZwUUdnRVprcyIsImMiOjE1MzgwMTU1MzM2NjcsImUiOjE1MzkzMTE1MzM2NjcsImkiOjEzMDM5NX0.6eQob2m2Y6UUK3uLwzG-JlYn_PXhArInpVmMeUSw5QLAzfFbUI5YcFBd35CZOujyzhLMsUvl6K_LlE_0IMSgHQ', 'ReqChannel': 'MASTER'}
Params =  
Resp =  {"success":true}</msg>
<msg timestamp="20181009 17:42:48.221" level="INFO">/usr/local/lib/python3.7/site-packages/urllib3/connectionpool.py:857: InsecureRequestWarning: Unverified HTTPS request is being made. Adding certificate verification is strongly advised. See: https://urllib3.readthedocs.io/en/latest/advanced-usage.html#ssl-warnings
  InsecureRequestWarning)</msg>
<msg timestamp="20181009 17:42:48.221" level="INFO">${resp} = (200, {'success': True})</msg>
<msg timestamp="20181009 17:42:48.221" level="INFO">${resp_text} = {"success":true}</msg>
<status status="PASS" starttime="20181009 17:42:48.127" endtime="20181009 17:42:48.221"></status>
</kw>
<kw name="Should Be True" library="BuiltIn">
<doc>Fails if the given condition is not true.</doc>
<arguments>
<arg>${resp[0]}==200</arg>
<arg>${resp_text}</arg>
</arguments>
<status status="PASS" starttime="20181009 17:42:48.222" endtime="20181009 17:42:48.222"></status>
</kw>
<kw name="Log" library="BuiltIn">
<doc>Logs the given message with the given level.</doc>
<arguments>
<arg>${resp_text}</arg>
</arguments>
<msg timestamp="20181009 17:42:48.223" level="INFO">{"success":true}</msg>
<status status="PASS" starttime="20181009 17:42:48.222" endtime="20181009 17:42:48.223"></status>
</kw>
<msg timestamp="20181009 17:42:48.223" level="INFO">${resp} = {'success': True}</msg>
<status status="PASS" starttime="20181009 17:42:48.126" endtime="20181009 17:42:48.223"></status>
</kw>
<kw name="docmentAssert" library="BusApiCom">
<arguments>
<arg>get</arg>
<arg>/activity/gifts/status</arg>
<arg>${resp}</arg>
</arguments>
<assign>
<var>${result}</var>
</assign>
<kw name="GetResp Doc" library="JsonRead">
<arguments>
<arg>${mode}</arg>
<arg>${path}</arg>
</arguments>
<assign>
<var>${resp_doc}</var>
</assign>
<msg timestamp="20181009 17:42:48.245" level="INFO">${resp_doc} = {'success': True}</msg>
<status status="PASS" starttime="20181009 17:42:48.223" endtime="20181009 17:42:48.245"></status>
</kw>
<kw name="Log" library="BuiltIn">
<doc>Logs the given message with the given level.</doc>
<arguments>
<arg>${resp}</arg>
</arguments>
<msg timestamp="20181009 17:42:48.246" level="INFO">{'success': True}</msg>
<status status="PASS" starttime="20181009 17:42:48.245" endtime="20181009 17:42:48.246"></status>
</kw>
<kw name="Log" library="BuiltIn">
<doc>Logs the given message with the given level.</doc>
<arguments>
<arg>${resp_doc}</arg>
</arguments>
<msg timestamp="20181009 17:42:48.247" level="INFO">{'success': True}</msg>
<status status="PASS" starttime="20181009 17:42:48.246" endtime="20181009 17:42:48.247"></status>
</kw>
<kw name="Assert Resp" library="AssertResp">
<doc>断言接口返回值的字段类型与文档是否一致</doc>
<arguments>
<arg>${resp}</arg>
<arg>${resp_doc}</arg>
</arguments>
<assign>
<var>${result}</var>
</assign>
<msg timestamp="20181009 17:42:48.247" level="INFO">${result} = [True]</msg>
<status status="PASS" starttime="20181009 17:42:48.247" endtime="20181009 17:42:48.247"></status>
</kw>
<msg timestamp="20181009 17:42:48.248" level="INFO">${result} = [True]</msg>
<status status="PASS" starttime="20181009 17:42:48.223" endtime="20181009 17:42:48.248"></status>
</kw>
<kw name="Should Be True" library="BuiltIn">
<doc>Fails if the given condition is not true.</doc>
<arguments>
<arg>${result[0]}</arg>
<arg>${result}</arg>
</arguments>
<status status="PASS" starttime="20181009 17:42:48.248" endtime="20181009 17:42:48.248"></status>
</kw>
<doc>大礼包领取状态</doc>
<tags>
<tag>Activity</tag>
<tag>DocTest</tag>
<tag>Run</tag>
</tags>
<status status="PASS" starttime="20181009 17:42:48.126" endtime="20181009 17:42:48.248" critical="yes"></status>
</test>
<status status="PASS" starttime="20181009 17:42:46.725" endtime="20181009 17:42:48.249"></status>
</suite>
<suite id="s1-s2" name="AnswerPlan" source="/Users/zs/Code/RobotFramwork/AutoTest/AutoTestTools/RunCase/API_Doc/AnswerPlan.robot">
<test id="s1-s2-t1" name="get/answerPlans">
<kw name="getApiResp" library="BusApiCom">
<arguments>
<arg>get</arg>
<arg>/answerPlans</arg>
</arguments>
<assign>
<var>${resp}</var>
</assign>
<kw name="GetResponse 2" library="HttpRequest">
<arguments>
<arg>${mode}</arg>
<arg>${path}</arg>
<arg>&amp;{dict}</arg>
</arguments>
<assign>
<var>${resp}</var>
<var>${resp_text}</var>
</assign>
<msg timestamp="20181009 17:42:48.804" level="INFO">get     URL =  https://exam.zmgongzuoshi.top/api/v1/answerPlans
Headers =  {'Authorization': 'eyJhbGciOiJIUzUxMiJ9.eyJhIjpudWxsLCJzIjoibzJFSVYwY2gwcVN4MDFVa0RHemZwUUdnRVprcyIsImMiOjE1MzgwMTU1MzM2NjcsImUiOjE1MzkzMTE1MzM2NjcsImkiOjEzMDM5NX0.6eQob2m2Y6UUK3uLwzG-JlYn_PXhArInpVmMeUSw5QLAzfFbUI5YcFBd35CZOujyzhLMsUvl6K_LlE_0IMSgHQ', 'ReqChannel': 'MASTER'}
Params =  
Resp =  {"answerPlanId":366299,"chapterPractice":true,"highWrongPractice":true,"randomPractice":true,"createDate":"2018-10-09 17:42:48"}</msg>
<msg timestamp="20181009 17:42:48.805" level="INFO">/usr/local/lib/python3.7/site-packages/urllib3/connectionpool.py:857: InsecureRequestWarning: Unverified HTTPS request is being made. Adding certificate verification is strongly advised. See: https://urllib3.readthedocs.io/en/latest/advanced-usage.html#ssl-warnings
  InsecureRequestWarning)</msg>
<msg timestamp="20181009 17:42:48.805" level="INFO">${resp} = (200, {'answerPlanId': 366299, 'chapterPractice': True, 'highWrongPractice': True, 'randomPractice': True, 'createDate': '2018-10-09 17:42:48'})</msg>
<msg timestamp="20181009 17:42:48.805" level="INFO">${resp_text} = {"answerPlanId":366299,"chapterPractice":true,"highWrongPractice":true,"randomPractice":true,"createDate":"2018-10-09 17:42:48"}</msg>
<status status="PASS" starttime="20181009 17:42:48.259" endtime="20181009 17:42:48.806"></status>
</kw>
<kw name="Should Be True" library="BuiltIn">
<doc>Fails if the given condition is not true.</doc>
<arguments>
<arg>${resp[0]}==200</arg>
<arg>${resp_text}</arg>
</arguments>
<status status="PASS" starttime="20181009 17:42:48.806" endtime="20181009 17:42:48.807"></status>
</kw>
<kw name="Log" library="BuiltIn">
<doc>Logs the given message with the given level.</doc>
<arguments>
<arg>${resp_text}</arg>
</arguments>
<msg timestamp="20181009 17:42:48.808" level="INFO">{"answerPlanId":366299,"chapterPractice":true,"highWrongPractice":true,"randomPractice":true,"createDate":"2018-10-09 17:42:48"}</msg>
<status status="PASS" starttime="20181009 17:42:48.807" endtime="20181009 17:42:48.808"></status>
</kw>
<msg timestamp="20181009 17:42:48.808" level="INFO">${resp} = {'answerPlanId': 366299, 'chapterPractice': True, 'highWrongPractice': True, 'randomPractice': True, 'createDate': '2018-10-09 17:42:48'}</msg>
<status status="PASS" starttime="20181009 17:42:48.258" endtime="20181009 17:42:48.808"></status>
</kw>
<kw name="docmentAssert" library="BusApiCom">
<arguments>
<arg>get</arg>
<arg>/answerPlans</arg>
<arg>${resp}</arg>
</arguments>
<assign>
<var>${result}</var>
</assign>
<kw name="GetResp Doc" library="JsonRead">
<arguments>
<arg>${mode}</arg>
<arg>${path}</arg>
</arguments>
<assign>
<var>${resp_doc}</var>
</assign>
<msg timestamp="20181009 17:42:48.839" level="INFO">${resp_doc} = {'chapterPractice': True, 'randomPractice': True, 'highWrongPractice': True, 'answerPlanId': 0, 'createDate': 'string'}</msg>
<status status="PASS" starttime="20181009 17:42:48.809" endtime="20181009 17:42:48.840"></status>
</kw>
<kw name="Log" library="BuiltIn">
<doc>Logs the given message with the given level.</doc>
<arguments>
<arg>${resp}</arg>
</arguments>
<msg timestamp="20181009 17:42:48.840" level="INFO">{'answerPlanId': 366299, 'chapterPractice': True, 'highWrongPractice': True, 'randomPractice': True, 'createDate': '2018-10-09 17:42:48'}</msg>
<status status="PASS" starttime="20181009 17:42:48.840" endtime="20181009 17:42:48.840"></status>
</kw>
<kw name="Log" library="BuiltIn">
<doc>Logs the given message with the given level.</doc>
<arguments>
<arg>${resp_doc}</arg>
</arguments>
<msg timestamp="20181009 17:42:48.842" level="INFO">{'chapterPractice': True, 'randomPractice': True, 'highWrongPractice': True, 'answerPlanId': 0, 'createDate': 'string'}</msg>
<status status="PASS" starttime="20181009 17:42:48.841" endtime="20181009 17:42:48.842"></status>
</kw>
<kw name="Assert Resp" library="AssertResp">
<doc>断言接口返回值的字段类型与文档是否一致</doc>
<arguments>
<arg>${resp}</arg>
<arg>${resp_doc}</arg>
</arguments>
<assign>
<var>${result}</var>
</assign>
<msg timestamp="20181009 17:42:48.844" level="INFO">${result} = [True]</msg>
<status status="PASS" starttime="20181009 17:42:48.842" endtime="20181009 17:42:48.844"></status>
</kw>
<msg timestamp="20181009 17:42:48.844" level="INFO">${result} = [True]</msg>
<status status="PASS" starttime="20181009 17:42:48.809" endtime="20181009 17:42:48.844"></status>
</kw>
<kw name="Should Be True" library="BuiltIn">
<doc>Fails if the given condition is not true.</doc>
<arguments>
<arg>${result[0]}</arg>
<arg>${result}</arg>
</arguments>
<status status="PASS" starttime="20181009 17:42:48.844" endtime="20181009 17:42:48.847"></status>
</kw>
<doc>个人答题计划生成确认</doc>
<tags>
<tag>AnswerPlan</tag>
<tag>DocTest</tag>
<tag>Run</tag>
</tags>
<status status="PASS" starttime="20181009 17:42:48.257" endtime="20181009 17:42:48.847" critical="yes"></status>
</test>
<status status="PASS" starttime="20181009 17:42:48.251" endtime="20181009 17:42:48.848"></status>
</suite>
<suite id="s1-s3" name="Assist" source="/Users/zs/Code/RobotFramwork/AutoTest/AutoTestTools/RunCase/API_Doc/Assist.robot">
<test id="s1-s3-t1" name="post/assist">
<kw name="GetParam Doc" library="JsonRead">
<arguments>
<arg>post</arg>
<arg>/assist</arg>
</arguments>
<assign>
<var>${params}</var>
</assign>
<msg timestamp="20181009 17:42:48.910" level="INFO">${params} = {'targetObjectId': 0, 'type': 'string'}</msg>
<status status="PASS" starttime="20181009 17:42:48.879" endtime="20181009 17:42:48.910"></status>
</kw>
<kw name="Set To Dictionary" library="Collections">
<doc>Adds the given ``key_value_pairs`` and ``items`` to the ``dictionary``.</doc>
<arguments>
<arg>${params}</arg>
<arg>type=${type}</arg>
<arg>targetObjectId=${targetObjectId}</arg>
</arguments>
<status status="PASS" starttime="20181009 17:42:48.911" endtime="20181009 17:42:48.911"></status>
</kw>
<kw name="getApiResp" library="BusApiCom">
<arguments>
<arg>post</arg>
<arg>/assist</arg>
<arg>params=${params}</arg>
</arguments>
<assign>
<var>${resp}</var>
</assign>
<kw name="GetResponse 2" library="HttpRequest">
<arguments>
<arg>${mode}</arg>
<arg>${path}</arg>
<arg>&amp;{dict}</arg>
</arguments>
<assign>
<var>${resp}</var>
<var>${resp_text}</var>
</assign>
<msg timestamp="20181009 17:42:49.168" level="INFO">post     URL =  https://exam.zmgongzuoshi.top/api/v2/assist/assist
Headers =  {'Authorization': 'eyJhbGciOiJIUzUxMiJ9.eyJhIjpudWxsLCJzIjoibzJFSVYwY2gwcVN4MDFVa0RHemZwUUdnRVprcyIsImMiOjE1MzgwMTU1MzM2NjcsImUiOjE1MzkzMTE1MzM2NjcsImkiOjEzMDM5NX0.6eQob2m2Y6UUK3uLwzG-JlYn_PXhArInpVmMeUSw5QLAzfFbUI5YcFBd35CZOujyzhLMsUvl6K_LlE_0IMSgHQ', 'ReqChannel': 'MASTER', 'Content-Type': 'application/json'}
Params =  {'targetObjectId': '283', 'type': 'OPEN_CLASS'}
Resp =  {"result":true,"message":"创建助力成功"}</msg>
<msg timestamp="20181009 17:42:49.169" level="INFO">/usr/local/lib/python3.7/site-packages/urllib3/connectionpool.py:857: InsecureRequestWarning: Unverified HTTPS request is being made. Adding certificate verification is strongly advised. See: https://urllib3.readthedocs.io/en/latest/advanced-usage.html#ssl-warnings
  InsecureRequestWarning)</msg>
<msg timestamp="20181009 17:42:49.169" level="INFO">${resp} = (200, {'result': True, 'message': '创建助力成功'})</msg>
<msg timestamp="20181009 17:42:49.169" level="INFO">${resp_text} = {"result":true,"message":"创建助力成功"}</msg>
<status status="PASS" starttime="20181009 17:42:48.913" endtime="20181009 17:42:49.169"></status>
</kw>
<kw name="Should Be True" library="BuiltIn">
<doc>Fails if the given condition is not true.</doc>
<arguments>
<arg>${resp[0]}==200</arg>
<arg>${resp_text}</arg>
</arguments>
<status status="PASS" starttime="20181009 17:42:49.169" endtime="20181009 17:42:49.170"></status>
</kw>
<kw name="Log" library="BuiltIn">
<doc>Logs the given message with the given level.</doc>
<arguments>
<arg>${resp_text}</arg>
</arguments>
<msg timestamp="20181009 17:42:49.171" level="INFO">{"result":true,"message":"创建助力成功"}</msg>
<status status="PASS" starttime="20181009 17:42:49.170" endtime="20181009 17:42:49.171"></status>
</kw>
<msg timestamp="20181009 17:42:49.172" level="INFO">${resp} = {'result': True, 'message': '创建助力成功'}</msg>
<status status="PASS" starttime="20181009 17:42:48.911" endtime="20181009 17:42:49.172"></status>
</kw>
<kw name="docmentAssert" library="BusApiCom">
<arguments>
<arg>post</arg>
<arg>/assist</arg>
<arg>${resp}</arg>
</arguments>
<assign>
<var>${result}</var>
</assign>
<kw name="GetResp Doc" library="JsonRead">
<arguments>
<arg>${mode}</arg>
<arg>${path}</arg>
</arguments>
<assign>
<var>${resp_doc}</var>
</assign>
<msg timestamp="20181009 17:42:49.193" level="INFO">${resp_doc} = {'result': True, 'message': 'string'}</msg>
<status status="PASS" starttime="20181009 17:42:49.172" endtime="20181009 17:42:49.193"></status>
</kw>
<kw name="Log" library="BuiltIn">
<doc>Logs the given message with the given level.</doc>
<arguments>
<arg>${resp}</arg>
</arguments>
<msg timestamp="20181009 17:42:49.193" level="INFO">{'result': True, 'message': '创建助力成功'}</msg>
<status status="PASS" starttime="20181009 17:42:49.193" endtime="20181009 17:42:49.193"></status>
</kw>
<kw name="Log" library="BuiltIn">
<doc>Logs the given message with the given level.</doc>
<arguments>
<arg>${resp_doc}</arg>
</arguments>
<msg timestamp="20181009 17:42:49.194" level="INFO">{'result': True, 'message': 'string'}</msg>
<status status="PASS" starttime="20181009 17:42:49.194" endtime="20181009 17:42:49.194"></status>
</kw>
<kw name="Assert Resp" library="AssertResp">
<doc>断言接口返回值的字段类型与文档是否一致</doc>
<arguments>
<arg>${resp}</arg>
<arg>${resp_doc}</arg>
</arguments>
<assign>
<var>${result}</var>
</assign>
<msg timestamp="20181009 17:42:49.194" level="INFO">${result} = [True]</msg>
<status status="PASS" starttime="20181009 17:42:49.194" endtime="20181009 17:42:49.194"></status>
</kw>
<msg timestamp="20181009 17:42:49.194" level="INFO">${result} = [True]</msg>
<status status="PASS" starttime="20181009 17:42:49.172" endtime="20181009 17:42:49.195"></status>
</kw>
<kw name="Should Be True" library="BuiltIn">
<doc>Fails if the given condition is not true.</doc>
<arguments>
<arg>${result[0]}</arg>
<arg>${result}</arg>
</arguments>
<status status="PASS" starttime="20181009 17:42:49.195" endtime="20181009 17:42:49.195"></status>
</kw>
<doc>创建助力活动</doc>
<tags>
<tag>Assist</tag>
<tag>DocTest</tag>
<tag>Run</tag>
</tags>
<status status="PASS" starttime="20181009 17:42:48.876" endtime="20181009 17:42:49.195" critical="yes"></status>
</test>
<test id="s1-s3-t2" name="get/assist/share">
<kw name="GetParam Doc" library="JsonRead">
<arguments>
<arg>get</arg>
<arg>/assist/share</arg>
</arguments>
<assign>
<var>${params}</var>
</assign>
<msg timestamp="20181009 17:42:49.220" level="INFO">${params} = {'shareMark': 'string'}</msg>
<status status="PASS" starttime="20181009 17:42:49.197" endtime="20181009 17:42:49.220"></status>
</kw>
<kw name="Set To Dictionary" library="Collections">
<doc>Adds the given ``key_value_pairs`` and ``items`` to the ``dictionary``.</doc>
<arguments>
<arg>${params}</arg>
<arg>shareMark=${token_30}</arg>
</arguments>
<status status="PASS" starttime="20181009 17:42:49.220" endtime="20181009 17:42:49.221"></status>
</kw>
<kw name="getApiResp" library="BusApiCom">
<arguments>
<arg>get</arg>
<arg>/assist/share</arg>
<arg>params=${params}</arg>
</arguments>
<assign>
<var>${resp}</var>
</assign>
<kw name="GetResponse 2" library="HttpRequest">
<arguments>
<arg>${mode}</arg>
<arg>${path}</arg>
<arg>&amp;{dict}</arg>
</arguments>
<assign>
<var>${resp}</var>
<var>${resp_text}</var>
</assign>
<msg timestamp="20181009 17:42:49.331" level="INFO">get     URL =  https://exam.zmgongzuoshi.top/api/v2/assist/assist/share?shareMark=35CZOujyzhLMsUvl6K_LlE_0IMSgHQ
Headers =  {'Authorization': 'eyJhbGciOiJIUzUxMiJ9.eyJhIjpudWxsLCJzIjoibzJFSVYwY2gwcVN4MDFVa0RHemZwUUdnRVprcyIsImMiOjE1MzgwMTU1MzM2NjcsImUiOjE1MzkzMTE1MzM2NjcsImkiOjEzMDM5NX0.6eQob2m2Y6UUK3uLwzG-JlYn_PXhArInpVmMeUSw5QLAzfFbUI5YcFBd35CZOujyzhLMsUvl6K_LlE_0IMSgHQ', 'ReqChannel': 'MASTER'}
Params =  {'shareMark': '35CZOujyzhLMsUvl6K_LlE_0IMSgHQ'}
Resp =  true</msg>
<msg timestamp="20181009 17:42:49.331" level="INFO">/usr/local/lib/python3.7/site-packages/urllib3/connectionpool.py:857: InsecureRequestWarning: Unverified HTTPS request is being made. Adding certificate verification is strongly advised. See: https://urllib3.readthedocs.io/en/latest/advanced-usage.html#ssl-warnings
  InsecureRequestWarning)</msg>
<msg timestamp="20181009 17:42:49.331" level="INFO">${resp} = (200, True)</msg>
<msg timestamp="20181009 17:42:49.331" level="INFO">${resp_text} = true</msg>
<status status="PASS" starttime="20181009 17:42:49.221" endtime="20181009 17:42:49.331"></status>
</kw>
<kw name="Should Be True" library="BuiltIn">
<doc>Fails if the given condition is not true.</doc>
<arguments>
<arg>${resp[0]}==200</arg>
<arg>${resp_text}</arg>
</arguments>
<status status="PASS" starttime="20181009 17:42:49.332" endtime="20181009 17:42:49.332"></status>
</kw>
<kw name="Log" library="BuiltIn">
<doc>Logs the given message with the given level.</doc>
<arguments>
<arg>${resp_text}</arg>
</arguments>
<msg timestamp="20181009 17:42:49.332" level="INFO">true</msg>
<status status="PASS" starttime="20181009 17:42:49.332" endtime="20181009 17:42:49.333"></status>
</kw>
<msg timestamp="20181009 17:42:49.333" level="INFO">${resp} = True</msg>
<status status="PASS" starttime="20181009 17:42:49.221" endtime="20181009 17:42:49.333"></status>
</kw>
<kw name="docmentAssert" library="BusApiCom">
<arguments>
<arg>get</arg>
<arg>/assist/share</arg>
<arg>${resp}</arg>
</arguments>
<assign>
<var>${result}</var>
</assign>
<kw name="GetResp Doc" library="JsonRead">
<arguments>
<arg>${mode}</arg>
<arg>${path}</arg>
</arguments>
<assign>
<var>${resp_doc}</var>
</assign>
<msg timestamp="20181009 17:42:49.354" level="INFO">${resp_doc} = True</msg>
<status status="PASS" starttime="20181009 17:42:49.333" endtime="20181009 17:42:49.354"></status>
</kw>
<kw name="Log" library="BuiltIn">
<doc>Logs the given message with the given level.</doc>
<arguments>
<arg>${resp}</arg>
</arguments>
<msg timestamp="20181009 17:42:49.355" level="INFO">True</msg>
<status status="PASS" starttime="20181009 17:42:49.354" endtime="20181009 17:42:49.355"></status>
</kw>
<kw name="Log" library="BuiltIn">
<doc>Logs the given message with the given level.</doc>
<arguments>
<arg>${resp_doc}</arg>
</arguments>
<msg timestamp="20181009 17:42:49.355" level="INFO">True</msg>
<status status="PASS" starttime="20181009 17:42:49.355" endtime="20181009 17:42:49.355"></status>
</kw>
<kw name="Assert Resp" library="AssertResp">
<doc>断言接口返回值的字段类型与文档是否一致</doc>
<arguments>
<arg>${resp}</arg>
<arg>${resp_doc}</arg>
</arguments>
<assign>
<var>${result}</var>
</assign>
<msg timestamp="20181009 17:42:49.355" level="INFO">${result} = [True]</msg>
<status status="PASS" starttime="20181009 17:42:49.355" endtime="20181009 17:42:49.355"></status>
</kw>
<msg timestamp="20181009 17:42:49.356" level="INFO">${result} = [True]</msg>
<status status="PASS" starttime="20181009 17:42:49.333" endtime="20181009 17:42:49.356"></status>
</kw>
<kw name="Should Be True" library="BuiltIn">
<doc>Fails if the given condition is not true.</doc>
<arguments>
<arg>${result[0]}</arg>
<arg>${result}</arg>
</arguments>
<status status="PASS" starttime="20181009 17:42:49.356" endtime="20181009 17:42:49.356"></status>
</kw>
<doc>分享助力活动</doc>
<tags>
<tag>Assist</tag>
<tag>DocTest</tag>
<tag>Run</tag>
</tags>
<status status="PASS" starttime="20181009 17:42:49.196" endtime="20181009 17:42:49.356" critical="yes"></status>
</test>
<test id="s1-s3-t3" name="post/assist/join">
<kw name="GetParam Doc" library="JsonRead">
<arguments>
<arg>post</arg>
<arg>/assist/join</arg>
</arguments>
<assign>
<var>${params}</var>
</assign>
<msg timestamp="20181009 17:42:49.378" level="INFO">${params} = {'targetObjectId': 0, 'type': 'string', 'mark': 'string', 'extentionObject': 'string', 'timeFlag': 'string', 'signature': 'string'}</msg>
<status status="PASS" starttime="20181009 17:42:49.357" endtime="20181009 17:42:49.378"></status>
</kw>
<kw name="Set To Dictionary" library="Collections">
<doc>Adds the given ``key_value_pairs`` and ``items`` to the ``dictionary``.</doc>
<arguments>
<arg>${params}</arg>
<arg>type=${type}</arg>
<arg>targetObjectId=${targetObjectId}</arg>
<arg>mark=${token_30}</arg>
</arguments>
<status status="PASS" starttime="20181009 17:42:49.378" endtime="20181009 17:42:49.378"></status>
</kw>
<kw name="Remove From Dictionary" library="Collections">
<doc>Removes the given ``keys`` from the ``dictionary``.</doc>
<arguments>
<arg>${params}</arg>
<arg>signature</arg>
<arg>extentionObject</arg>
<arg>timeFlag</arg>
</arguments>
<msg timestamp="20181009 17:42:49.379" level="INFO">Removed item with key 'signature' and value 'string'.</msg>
<msg timestamp="20181009 17:42:49.379" level="INFO">Removed item with key 'extentionObject' and value 'string'.</msg>
<msg timestamp="20181009 17:42:49.379" level="INFO">Removed item with key 'timeFlag' and value 'string'.</msg>
<status status="PASS" starttime="20181009 17:42:49.378" endtime="20181009 17:42:49.379"></status>
</kw>
<kw name="getApiResp" library="BusApiCom">
<arguments>
<arg>post</arg>
<arg>/assist/join</arg>
<arg>params=${params}</arg>
<arg>token=${token01}</arg>
</arguments>
<assign>
<var>${resp}</var>
</assign>
<kw name="GetResponse 2" library="HttpRequest">
<arguments>
<arg>${mode}</arg>
<arg>${path}</arg>
<arg>&amp;{dict}</arg>
</arguments>
<assign>
<var>${resp}</var>
<var>${resp_text}</var>
</assign>
<msg timestamp="20181009 17:42:49.566" level="INFO">post     URL =  https://exam.zmgongzuoshi.top/api/v2/assist/assist/join
Headers =  {'Authorization': 'eyJhbGciOiJIUzUxMiJ9.eyJhIjpudWxsLCJzIjoibzJFSVYwVmlhTUJkd3BYS19VeVkzWXEwSGF1RSIsImMiOjE1MzgwMTYzNTQ1NjEsImUiOjE1MzkzMTIzNTQ1NjEsImkiOjEzMDQzMn0.J3KVFwDj4njqceG2-g-7txKTrM6TgAUGIGN_pmTe0eJlkmRiuahmoWUbzLDJISTKi6YvWEKWOzQnwmYz7m8Ckw', 'ReqChannel': 'MASTER', 'Content-Type': 'application/json'}
Params =  {'targetObjectId': '283', 'type': 'OPEN_CLASS', 'mark': '35CZOujyzhLMsUvl6K_LlE_0IMSgHQ'}
Resp =  {"result":true,"message":"助力成功"}</msg>
<msg timestamp="20181009 17:42:49.566" level="INFO">/usr/local/lib/python3.7/site-packages/urllib3/connectionpool.py:857: InsecureRequestWarning: Unverified HTTPS request is being made. Adding certificate verification is strongly advised. See: https://urllib3.readthedocs.io/en/latest/advanced-usage.html#ssl-warnings
  InsecureRequestWarning)</msg>
<msg timestamp="20181009 17:42:49.567" level="INFO">${resp} = (200, {'result': True, 'message': '助力成功'})</msg>
<msg timestamp="20181009 17:42:49.567" level="INFO">${resp_text} = {"result":true,"message":"助力成功"}</msg>
<status status="PASS" starttime="20181009 17:42:49.379" endtime="20181009 17:42:49.567"></status>
</kw>
<kw name="Should Be True" library="BuiltIn">
<doc>Fails if the given condition is not true.</doc>
<arguments>
<arg>${resp[0]}==200</arg>
<arg>${resp_text}</arg>
</arguments>
<status status="PASS" starttime="20181009 17:42:49.567" endtime="20181009 17:42:49.567"></status>
</kw>
<kw name="Log" library="BuiltIn">
<doc>Logs the given message with the given level.</doc>
<arguments>
<arg>${resp_text}</arg>
</arguments>
<msg timestamp="20181009 17:42:49.568" level="INFO">{"result":true,"message":"助力成功"}</msg>
<status status="PASS" starttime="20181009 17:42:49.568" endtime="20181009 17:42:49.568"></status>
</kw>
<msg timestamp="20181009 17:42:49.568" level="INFO">${resp} = {'result': True, 'message': '助力成功'}</msg>
<status status="PASS" starttime="20181009 17:42:49.379" endtime="20181009 17:42:49.569"></status>
</kw>
<kw name="docmentAssert" library="BusApiCom">
<arguments>
<arg>post</arg>
<arg>/assist/join</arg>
<arg>${resp}</arg>
</arguments>
<assign>
<var>${result}</var>
</assign>
<kw name="GetResp Doc" library="JsonRead">
<arguments>
<arg>${mode}</arg>
<arg>${path}</arg>
</arguments>
<assign>
<var>${resp_doc}</var>
</assign>
<msg timestamp="20181009 17:42:49.590" level="INFO">${resp_doc} = {'result': True, 'message': 'string'}</msg>
<status status="PASS" starttime="20181009 17:42:49.569" endtime="20181009 17:42:49.590"></status>
</kw>
<kw name="Log" library="BuiltIn">
<doc>Logs the given message with the given level.</doc>
<arguments>
<arg>${resp}</arg>
</arguments>
<msg timestamp="20181009 17:42:49.591" level="INFO">{'result': True, 'message': '助力成功'}</msg>
<status status="PASS" starttime="20181009 17:42:49.590" endtime="20181009 17:42:49.591"></status>
</kw>
<kw name="Log" library="BuiltIn">
<doc>Logs the given message with the given level.</doc>
<arguments>
<arg>${resp_doc}</arg>
</arguments>
<msg timestamp="20181009 17:42:49.591" level="INFO">{'result': True, 'message': 'string'}</msg>
<status status="PASS" starttime="20181009 17:42:49.591" endtime="20181009 17:42:49.591"></status>
</kw>
<kw name="Assert Resp" library="AssertResp">
<doc>断言接口返回值的字段类型与文档是否一致</doc>
<arguments>
<arg>${resp}</arg>
<arg>${resp_doc}</arg>
</arguments>
<assign>
<var>${result}</var>
</assign>
<msg timestamp="20181009 17:42:49.591" level="INFO">${result} = [True]</msg>
<status status="PASS" starttime="20181009 17:42:49.591" endtime="20181009 17:42:49.591"></status>
</kw>
<msg timestamp="20181009 17:42:49.592" level="INFO">${result} = [True]</msg>
<status status="PASS" starttime="20181009 17:42:49.569" endtime="20181009 17:42:49.592"></status>
</kw>
<kw name="Should Be True" library="BuiltIn">
<doc>Fails if the given condition is not true.</doc>
<arguments>
<arg>${result[0]}</arg>
<arg>${result}</arg>
</arguments>
<status status="PASS" starttime="20181009 17:42:49.592" endtime="20181009 17:42:49.592"></status>
</kw>
<kw name="Pass Execution If" library="BuiltIn">
<doc>Conditionally skips rest of the current test, setup, or teardown with PASS status.</doc>
<arguments>
<arg>${resp['result']}</arg>
<arg>助力成功</arg>
</arguments>
<msg timestamp="20181009 17:42:49.593" level="INFO">Execution passed with message:
助力成功</msg>
<status status="PASS" starttime="20181009 17:42:49.592" endtime="20181009 17:42:49.593"></status>
</kw>
<doc>好友助力</doc>
<tags>
<tag>Assist</tag>
<tag>DocTest</tag>
<tag>Run</tag>
</tags>
<status status="PASS" starttime="20181009 17:42:49.356" endtime="20181009 17:42:49.593" critical="yes">助力成功</status>
</test>
<test id="s1-s3-t4" name="get/assist">
<kw name="GetParam Doc" library="JsonRead">
<arguments>
<arg>get</arg>
<arg>/assist</arg>
</arguments>
<assign>
<var>${params}</var>
</assign>
<msg timestamp="20181009 17:42:49.611" level="INFO">${params} = {'targetObjectId': 0, 'mark': 'string', 'type': 'string'}</msg>
<status status="PASS" starttime="20181009 17:42:49.594" endtime="20181009 17:42:49.612"></status>
</kw>
<kw name="Set To Dictionary" library="Collections">
<doc>Adds the given ``key_value_pairs`` and ``items`` to the ``dictionary``.</doc>
<arguments>
<arg>${params}</arg>
<arg>type=${type}</arg>
<arg>targetObjectId=${targetObjectId}</arg>
<arg>mark=${EMPTY}</arg>
</arguments>
<status status="PASS" starttime="20181009 17:42:49.612" endtime="20181009 17:42:49.613"></status>
</kw>
<kw name="getApiResp" library="BusApiCom">
<arguments>
<arg>get</arg>
<arg>/assist</arg>
<arg>params=${params}</arg>
</arguments>
<assign>
<var>${resp}</var>
</assign>
<kw name="GetResponse 2" library="HttpRequest">
<arguments>
<arg>${mode}</arg>
<arg>${path}</arg>
<arg>&amp;{dict}</arg>
</arguments>
<assign>
<var>${resp}</var>
<var>${resp_text}</var>
</assign>
<msg timestamp="20181009 17:42:49.748" level="INFO">get     URL =  https://exam.zmgongzuoshi.top/api/v2/assist/assist?targetObjectId=283&amp;mark=&amp;type=OPEN_CLASS
Headers =  {'Authorization': 'eyJhbGciOiJIUzUxMiJ9.eyJhIjpudWxsLCJzIjoibzJFSVYwY2gwcVN4MDFVa0RHemZwUUdnRVprcyIsImMiOjE1MzgwMTU1MzM2NjcsImUiOjE1MzkzMTE1MzM2NjcsImkiOjEzMDM5NX0.6eQob2m2Y6UUK3uLwzG-JlYn_PXhArInpVmMeUSw5QLAzfFbUI5YcFBd35CZOujyzhLMsUvl6K_LlE_0IMSgHQ', 'ReqChannel': 'MASTER'}
Params =  {'targetObjectId': '283', 'mark': '', 'type': 'OPEN_CLASS'}
Resp =  {"self":true,"alreadyAssist":false,"selfResidueAssistNum":0,"friendsResidueAssistNum":3,"id":2567,"userId":130395,"nickName":"赵爽","headImageUrl":"https://wx.qlogo.cn/mmopen/vi_32/Q0j4TwGTfTITN57H46ByKcNpJUn962oP9OY3MVVwWEomEPdxVAfPEdxyTmUCDNcrefIhm8zmEWYfIt4cZr6IZQ/132","targetObjectId":283,"objectiveId":1,"objectiveName":"公开课","status":1,"createTime":"2018-10-09 17:42:49","peopleNum":1,"needPeopleNum":5,"selfAssistNum":0,"objectiveType":"OPEN_CLASS","objectiveUrl":"1.png","assistUserList":[{"assistDetailId":8103,"assistUserId":130432,"nickName":"安安","headImageUrl":"https://wx.qlogo.cn/mmopen/vi_32/DYAIOgq83eoX7uT2daiaiagbaQ9ibHFuXfzQwIZv4s9kTP1lUXJn532MibvNqoN1wLFjGF3bSma7GKZpcu8kDnW9AQ/132","extentionObject":null,"self":false}]}</msg>
<msg timestamp="20181009 17:42:49.748" level="INFO">/usr/local/lib/python3.7/site-packages/urllib3/connectionpool.py:857: InsecureRequestWarning: Unverified HTTPS request is being made. Adding certificate verification is strongly advised. See: https://urllib3.readthedocs.io/en/latest/advanced-usage.html#ssl-warnings
  InsecureRequestWarning)</msg>
<msg timestamp="20181009 17:42:49.748" level="INFO">${resp} = (200, {'self': True, 'alreadyAssist': False, 'selfResidueAssistNum': 0, 'friendsResidueAssistNum': 3, 'id': 2567, 'userId': 130395, 'nickName': '赵爽', 'headImageUrl': 'https://wx.qlogo.cn/mmopen/vi_32/...</msg>
<msg timestamp="20181009 17:42:49.748" level="INFO">${resp_text} = {"self":true,"alreadyAssist":false,"selfResidueAssistNum":0,"friendsResidueAssistNum":3,"id":2567,"userId":130395,"nickName":"赵爽","headImageUrl":"https://wx.qlogo.cn/mmopen/vi_32/Q0j4TwGTfTITN57H46ByK...</msg>
<status status="PASS" starttime="20181009 17:42:49.614" endtime="20181009 17:42:49.748"></status>
</kw>
<kw name="Should Be True" library="BuiltIn">
<doc>Fails if the given condition is not true.</doc>
<arguments>
<arg>${resp[0]}==200</arg>
<arg>${resp_text}</arg>
</arguments>
<status status="PASS" starttime="20181009 17:42:49.749" endtime="20181009 17:42:49.749"></status>
</kw>
<kw name="Log" library="BuiltIn">
<doc>Logs the given message with the given level.</doc>
<arguments>
<arg>${resp_text}</arg>
</arguments>
<msg timestamp="20181009 17:42:49.750" level="INFO">{"self":true,"alreadyAssist":false,"selfResidueAssistNum":0,"friendsResidueAssistNum":3,"id":2567,"userId":130395,"nickName":"赵爽","headImageUrl":"https://wx.qlogo.cn/mmopen/vi_32/Q0j4TwGTfTITN57H46ByKcNpJUn962oP9OY3MVVwWEomEPdxVAfPEdxyTmUCDNcrefIhm8zmEWYfIt4cZr6IZQ/132","targetObjectId":283,"objectiveId":1,"objectiveName":"公开课","status":1,"createTime":"2018-10-09 17:42:49","peopleNum":1,"needPeopleNum":5,"selfAssistNum":0,"objectiveType":"OPEN_CLASS","objectiveUrl":"1.png","assistUserList":[{"assistDetailId":8103,"assistUserId":130432,"nickName":"安安","headImageUrl":"https://wx.qlogo.cn/mmopen/vi_32/DYAIOgq83eoX7uT2daiaiagbaQ9ibHFuXfzQwIZv4s9kTP1lUXJn532MibvNqoN1wLFjGF3bSma7GKZpcu8kDnW9AQ/132","extentionObject":null,"self":false}]}</msg>
<status status="PASS" starttime="20181009 17:42:49.750" endtime="20181009 17:42:49.750"></status>
</kw>
<msg timestamp="20181009 17:42:49.750" level="INFO">${resp} = {'self': True, 'alreadyAssist': False, 'selfResidueAssistNum': 0, 'friendsResidueAssistNum': 3, 'id': 2567, 'userId': 130395, 'nickName': '赵爽', 'headImageUrl': 'https://wx.qlogo.cn/mmopen/vi_32/Q0j4Tw...</msg>
<status status="PASS" starttime="20181009 17:42:49.613" endtime="20181009 17:42:49.750"></status>
</kw>
<kw name="docmentAssert" library="BusApiCom">
<arguments>
<arg>get</arg>
<arg>/assist</arg>
<arg>${resp}</arg>
</arguments>
<assign>
<var>${result}</var>
</assign>
<kw name="GetResp Doc" library="JsonRead">
<arguments>
<arg>${mode}</arg>
<arg>${path}</arg>
</arguments>
<assign>
<var>${resp_doc}</var>
</assign>
<msg timestamp="20181009 17:42:49.774" level="INFO">${resp_doc} = {'self': True, 'alreadyAssist': True, 'selfResidueAssistNum': 0, 'friendsResidueAssistNum': 0, 'id': 0, 'userId': 0, 'nickName': 'string', 'headImageUrl': 'string', 'targetObjectId': 0, 'objectiveId':...</msg>
<status status="PASS" starttime="20181009 17:42:49.751" endtime="20181009 17:42:49.774"></status>
</kw>
<kw name="Log" library="BuiltIn">
<doc>Logs the given message with the given level.</doc>
<arguments>
<arg>${resp}</arg>
</arguments>
<msg timestamp="20181009 17:42:49.774" level="INFO">{'self': True, 'alreadyAssist': False, 'selfResidueAssistNum': 0, 'friendsResidueAssistNum': 3, 'id': 2567, 'userId': 130395, 'nickName': '赵爽', 'headImageUrl': 'https://wx.qlogo.cn/mmopen/vi_32/Q0j4TwGTfTITN57H46ByKcNpJUn962oP9OY3MVVwWEomEPdxVAfPEdxyTmUCDNcrefIhm8zmEWYfIt4cZr6IZQ/132', 'targetObjectId': 283, 'objectiveId': 1, 'objectiveName': '公开课', 'status': 1, 'createTime': '2018-10-09 17:42:49', 'peopleNum': 1, 'needPeopleNum': 5, 'selfAssistNum': 0, 'objectiveType': 'OPEN_CLASS', 'objectiveUrl': '1.png', 'assistUserList': [{'assistDetailId': 8103, 'assistUserId': 130432, 'nickName': '安安', 'headImageUrl': 'https://wx.qlogo.cn/mmopen/vi_32/DYAIOgq83eoX7uT2daiaiagbaQ9ibHFuXfzQwIZv4s9kTP1lUXJn532MibvNqoN1wLFjGF3bSma7GKZpcu8kDnW9AQ/132', 'extentionObject': None, 'self': False}]}</msg>
<status status="PASS" starttime="20181009 17:42:49.774" endtime="20181009 17:42:49.774"></status>
</kw>
<kw name="Log" library="BuiltIn">
<doc>Logs the given message with the given level.</doc>
<arguments>
<arg>${resp_doc}</arg>
</arguments>
<msg timestamp="20181009 17:42:49.775" level="INFO">{'self': True, 'alreadyAssist': True, 'selfResidueAssistNum': 0, 'friendsResidueAssistNum': 0, 'id': 0, 'userId': 0, 'nickName': 'string', 'headImageUrl': 'string', 'targetObjectId': 0, 'objectiveId': 0, 'objectiveName': 'string', 'status': 0, 'createTime': 'string', 'peopleNum': 0, 'needPeopleNum': 0, 'selfAssistNum': 0, 'objectiveType': 'string', 'objectiveUrl': 'string', 'assistUserList': [{'assistDetailId': 0, 'assistUserId': 0, 'nickName': 'string', 'headImageUrl': 'string', 'extentionObject': 'string', 'self': True}]}</msg>
<status status="PASS" starttime="20181009 17:42:49.775" endtime="20181009 17:42:49.775"></status>
</kw>
<kw name="Assert Resp" library="AssertResp">
<doc>断言接口返回值的字段类型与文档是否一致</doc>
<arguments>
<arg>${resp}</arg>
<arg>${resp_doc}</arg>
</arguments>
<assign>
<var>${result}</var>
</assign>
<msg timestamp="20181009 17:42:49.776" level="INFO">${result} = [True]</msg>
<status status="PASS" starttime="20181009 17:42:49.775" endtime="20181009 17:42:49.776"></status>
</kw>
<msg timestamp="20181009 17:42:49.776" level="INFO">${result} = [True]</msg>
<status status="PASS" starttime="20181009 17:42:49.750" endtime="20181009 17:42:49.776"></status>
</kw>
<kw name="Should Be True" library="BuiltIn">
<doc>Fails if the given condition is not true.</doc>
<arguments>
<arg>${result[0]}</arg>
<arg>${result}</arg>
</arguments>
<status status="PASS" starttime="20181009 17:42:49.776" endtime="20181009 17:42:49.777"></status>
</kw>
<doc>助力详情</doc>
<tags>
<tag>Assist</tag>
<tag>DocTest</tag>
<tag>Run</tag>
</tags>
<status status="PASS" starttime="20181009 17:42:49.593" endtime="20181009 17:42:49.777" critical="yes"></status>
</test>
<test id="s1-s3-t5" name="get/assist/joinNum">
<kw name="GetParam Doc" library="JsonRead">
<arguments>
<arg>get</arg>
<arg>/assist/joinNum</arg>
</arguments>
<assign>
<var>${params}</var>
</assign>
<msg timestamp="20181009 17:42:49.801" level="INFO">${params} = {'type': 'string'}</msg>
<status status="PASS" starttime="20181009 17:42:49.779" endtime="20181009 17:42:49.801"></status>
</kw>
<kw name="Set To Dictionary" library="Collections">
<doc>Adds the given ``key_value_pairs`` and ``items`` to the ``dictionary``.</doc>
<arguments>
<arg>${params}</arg>
<arg>type=${type}</arg>
</arguments>
<status status="PASS" starttime="20181009 17:42:49.801" endtime="20181009 17:42:49.802"></status>
</kw>
<kw name="getApiResp" library="BusApiCom">
<arguments>
<arg>get</arg>
<arg>/assist/joinNum</arg>
<arg>params=${params}</arg>
</arguments>
<assign>
<var>${resp}</var>
</assign>
<kw name="GetResponse 2" library="HttpRequest">
<arguments>
<arg>${mode}</arg>
<arg>${path}</arg>
<arg>&amp;{dict}</arg>
</arguments>
<assign>
<var>${resp}</var>
<var>${resp_text}</var>
</assign>
<msg timestamp="20181009 17:42:49.905" level="INFO">get     URL =  https://exam.zmgongzuoshi.top/api/v2/assist/assist/joinNum?type=OPEN_CLASS
Headers =  {'Authorization': 'eyJhbGciOiJIUzUxMiJ9.eyJhIjpudWxsLCJzIjoibzJFSVYwY2gwcVN4MDFVa0RHemZwUUdnRVprcyIsImMiOjE1MzgwMTU1MzM2NjcsImUiOjE1MzkzMTE1MzM2NjcsImkiOjEzMDM5NX0.6eQob2m2Y6UUK3uLwzG-JlYn_PXhArInpVmMeUSw5QLAzfFbUI5YcFBd35CZOujyzhLMsUvl6K_LlE_0IMSgHQ', 'ReqChannel': 'MASTER'}
Params =  {'type': 'OPEN_CLASS'}
Resp =  {"joinNum":244}</msg>
<msg timestamp="20181009 17:42:49.905" level="INFO">/usr/local/lib/python3.7/site-packages/urllib3/connectionpool.py:857: InsecureRequestWarning: Unverified HTTPS request is being made. Adding certificate verification is strongly advised. See: https://urllib3.readthedocs.io/en/latest/advanced-usage.html#ssl-warnings
  InsecureRequestWarning)</msg>
<msg timestamp="20181009 17:42:49.905" level="INFO">${resp} = (200, {'joinNum': 244})</msg>
<msg timestamp="20181009 17:42:49.905" level="INFO">${resp_text} = {"joinNum":244}</msg>
[...]
<doc>断言接口返回值的字段类型与文档是否一致</doc>
<arguments>
<arg>${resp}</arg>
<arg>${resp_doc}</arg>
</arguments>
<assign>
<var>${result}</var>
</assign>
<msg timestamp="20181009 17:43:14.674" level="INFO">${result} = [False, {'key': {'ResponseKeys': ['msg'], 'DocumentKeys': []}}]</msg>
<status status="PASS" starttime="20181009 17:43:14.674" endtime="20181009 17:43:14.674"></status>
</kw>
<msg timestamp="20181009 17:43:14.674" level="INFO">${result} = [False, {'key': {'ResponseKeys': ['msg'], 'DocumentKeys': []}}]</msg>
<status status="PASS" starttime="20181009 17:43:14.647" endtime="20181009 17:43:14.674"></status>
</kw>
<kw name="Should Be True" library="BuiltIn">
<doc>Fails if the given condition is not true.</doc>
<arguments>
<arg>${result[0]}</arg>
<arg>${result}</arg>
</arguments>
<msg timestamp="20181009 17:43:14.675" level="FAIL">[False, {'key': {'ResponseKeys': ['msg'], 'DocumentKeys': []}}]</msg>
<status status="FAIL" starttime="20181009 17:43:14.674" endtime="20181009 17:43:14.675"></status>
</kw>
<doc>用户签到</doc>
<tags>
<tag>DocTest</tag>
<tag>Run</tag>
<tag>Users</tag>
</tags>
<status status="FAIL" starttime="20181009 17:43:14.524" endtime="20181009 17:43:14.675" critical="yes">[False, {'key': {'ResponseKeys': ['msg'], 'DocumentKeys': []}}]</status>
</test>
<test id="s1-s19-t11" name="get/users/support">
<kw name="getApiResp" library="BusApiCom">
<arguments>
<arg>get</arg>
<arg>/users/support</arg>
</arguments>
<assign>
<var>${resp}</var>
</assign>
<kw name="GetResponse 2" library="HttpRequest">
<arguments>
<arg>${mode}</arg>
<arg>${path}</arg>
<arg>&amp;{dict}</arg>
</arguments>
<assign>
<var>${resp}</var>
<var>${resp_text}</var>
</assign>
<msg timestamp="20181009 17:43:14.812" level="INFO">get     URL =  https://exam.zmgongzuoshi.top/api/v1/users/support
Headers =  {'Authorization': 'eyJhbGciOiJIUzUxMiJ9.eyJhIjpudWxsLCJzIjoibzJFSVYwY2gwcVN4MDFVa0RHemZwUUdnRVprcyIsImMiOjE1MzgwMTU1MzM2NjcsImUiOjE1MzkzMTE1MzM2NjcsImkiOjEzMDM5NX0.6eQob2m2Y6UUK3uLwzG-JlYn_PXhArInpVmMeUSw5QLAzfFbUI5YcFBd35CZOujyzhLMsUvl6K_LlE_0IMSgHQ', 'ReqChannel': 'MASTER'}
Params =  
Resp =  {"worldCupStatus":"Default","collectionSum":8,"Unchain":true,"activityUrl":"https://h5.exam.sunlands.site/worldAnd520/index.html#","errorSum":196,"icon":null,"reciteShow":true,"learningPlanInfo":{"people":13056,"status":"NOW"},"existOpenClass":true,"authPhone":false,"activityInfo":{"icon":"https://r.exam.sunlands.site/s3/image/icon.gif","linkUrl":"https://h5.exam.sunlands.site/worldAnd520/index.html#","status":"END","remainingTime":0},"selfExam":true}</msg>
<msg timestamp="20181009 17:43:14.812" level="INFO">/usr/local/lib/python3.7/site-packages/urllib3/connectionpool.py:857: InsecureRequestWarning: Unverified HTTPS request is being made. Adding certificate verification is strongly advised. See: https://urllib3.readthedocs.io/en/latest/advanced-usage.html#ssl-warnings
  InsecureRequestWarning)</msg>
<msg timestamp="20181009 17:43:14.812" level="INFO">${resp} = (200, {'worldCupStatus': 'Default', 'collectionSum': 8, 'Unchain': True, 'activityUrl': 'https://h5.exam.sunlands.site/worldAnd520/index.html#', 'errorSum': 196, 'icon': None, 'reciteShow': True, 'lea...</msg>
<msg timestamp="20181009 17:43:14.812" level="INFO">${resp_text} = {"worldCupStatus":"Default","collectionSum":8,"Unchain":true,"activityUrl":"https://h5.exam.sunlands.site/worldAnd520/index.html#","errorSum":196,"icon":null,"reciteShow":true,"learningPlanInfo":{"peo...</msg>
<status status="PASS" starttime="20181009 17:43:14.676" endtime="20181009 17:43:14.812"></status>
</kw>
<kw name="Should Be True" library="BuiltIn">
<doc>Fails if the given condition is not true.</doc>
<arguments>
<arg>${resp[0]}==200</arg>
<arg>${resp_text}</arg>
</arguments>
<status status="PASS" starttime="20181009 17:43:14.813" endtime="20181009 17:43:14.818"></status>
</kw>
<kw name="Log" library="BuiltIn">
<doc>Logs the given message with the given level.</doc>
<arguments>
<arg>${resp_text}</arg>
</arguments>
<msg timestamp="20181009 17:43:14.819" level="INFO">{"worldCupStatus":"Default","collectionSum":8,"Unchain":true,"activityUrl":"https://h5.exam.sunlands.site/worldAnd520/index.html#","errorSum":196,"icon":null,"reciteShow":true,"learningPlanInfo":{"people":13056,"status":"NOW"},"existOpenClass":true,"authPhone":false,"activityInfo":{"icon":"https://r.exam.sunlands.site/s3/image/icon.gif","linkUrl":"https://h5.exam.sunlands.site/worldAnd520/index.html#","status":"END","remainingTime":0},"selfExam":true}</msg>
<status status="PASS" starttime="20181009 17:43:14.819" endtime="20181009 17:43:14.820"></status>
</kw>
<msg timestamp="20181009 17:43:14.820" level="INFO">${resp} = {'worldCupStatus': 'Default', 'collectionSum': 8, 'Unchain': True, 'activityUrl': 'https://h5.exam.sunlands.site/worldAnd520/index.html#', 'errorSum': 196, 'icon': None, 'reciteShow': True, 'learningP...</msg>
<status status="PASS" starttime="20181009 17:43:14.676" endtime="20181009 17:43:14.820"></status>
</kw>
<kw name="docmentAssert" library="BusApiCom">
<arguments>
<arg>get</arg>
<arg>/users/support</arg>
<arg>${resp}</arg>
</arguments>
<assign>
<var>${result}</var>
</assign>
<kw name="GetResp Doc" library="JsonRead">
<arguments>
<arg>${mode}</arg>
<arg>${path}</arg>
</arguments>
<assign>
<var>${resp_doc}</var>
</assign>
<msg timestamp="20181009 17:43:14.858" level="INFO">${resp_doc} = {'existOpenClass': True, 'Unchain': True, 'activityUrl': 'string', 'icon': 'string', 'selfExam': True, 'authPhone': True, 'errorSum': 0, 'collectionSum': 0, 'reciteShow': True, 'worldCupStatus': 'stri...</msg>
<status status="PASS" starttime="20181009 17:43:14.821" endtime="20181009 17:43:14.858"></status>
</kw>
<kw name="Log" library="BuiltIn">
<doc>Logs the given message with the given level.</doc>
<arguments>
<arg>${resp}</arg>
</arguments>
<msg timestamp="20181009 17:43:14.859" level="INFO">{'worldCupStatus': 'Default', 'collectionSum': 8, 'Unchain': True, 'activityUrl': 'https://h5.exam.sunlands.site/worldAnd520/index.html#', 'errorSum': 196, 'icon': None, 'reciteShow': True, 'learningPlanInfo': {'people': 13056, 'status': 'NOW'}, 'existOpenClass': True, 'authPhone': False, 'activityInfo': {'icon': 'https://r.exam.sunlands.site/s3/image/icon.gif', 'linkUrl': 'https://h5.exam.sunlands.site/worldAnd520/index.html#', 'status': 'END', 'remainingTime': 0}, 'selfExam': True}</msg>
<status status="PASS" starttime="20181009 17:43:14.858" endtime="20181009 17:43:14.859"></status>
</kw>
<kw name="Log" library="BuiltIn">
<doc>Logs the given message with the given level.</doc>
<arguments>
<arg>${resp_doc}</arg>
</arguments>
<msg timestamp="20181009 17:43:14.860" level="INFO">{'existOpenClass': True, 'Unchain': True, 'activityUrl': 'string', 'icon': 'string', 'selfExam': True, 'authPhone': True, 'errorSum': 0, 'collectionSum': 0, 'reciteShow': True, 'worldCupStatus': 'string', 'activityInfo': {'status': 'string', 'remainingTime': 0, 'linkUrl': 'string', 'icon': 'string'}, 'learningPlanInfo': {'status': 'string', 'people': 0}}</msg>
<status status="PASS" starttime="20181009 17:43:14.859" endtime="20181009 17:43:14.860"></status>
</kw>
<kw name="Assert Resp" library="AssertResp">
<doc>断言接口返回值的字段类型与文档是否一致</doc>
<arguments>
<arg>${resp}</arg>
<arg>${resp_doc}</arg>
</arguments>
<assign>
<var>${result}</var>
</assign>
<msg timestamp="20181009 17:43:14.861" level="INFO">${result} = [True]</msg>
<status status="PASS" starttime="20181009 17:43:14.860" endtime="20181009 17:43:14.861"></status>
</kw>
<msg timestamp="20181009 17:43:14.861" level="INFO">${result} = [True]</msg>
<status status="PASS" starttime="20181009 17:43:14.820" endtime="20181009 17:43:14.861"></status>
</kw>
<kw name="Should Be True" library="BuiltIn">
<doc>Fails if the given condition is not true.</doc>
<arguments>
<arg>${result[0]}</arg>
<arg>${result}</arg>
</arguments>
<status status="PASS" starttime="20181009 17:43:14.863" endtime="20181009 17:43:14.865"></status>
</kw>
<doc>题库数据支持</doc>
<tags>
<tag>DocTest</tag>
<tag>Run</tag>
<tag>Users</tag>
</tags>
<status status="PASS" starttime="20181009 17:43:14.675" endtime="20181009 17:43:14.865" critical="yes"></status>
</test>
<test id="s1-s19-t12" name="get/users/passRate">
<kw name="getApiResp" library="BusApiCom">
<arguments>
<arg>get</arg>
<arg>/users/passRate</arg>
</arguments>
<assign>
<var>${resp}</var>
</assign>
<kw name="GetResponse 2" library="HttpRequest">
<arguments>
<arg>${mode}</arg>
<arg>${path}</arg>
<arg>&amp;{dict}</arg>
</arguments>
<assign>
<var>${resp}</var>
<var>${resp_text}</var>
</assign>
<msg timestamp="20181009 17:43:15.103" level="INFO">get     URL =  https://exam.zmgongzuoshi.top/api/v1/users/passRate
Headers =  {'Authorization': 'eyJhbGciOiJIUzUxMiJ9.eyJhIjpudWxsLCJzIjoibzJFSVYwY2gwcVN4MDFVa0RHemZwUUdnRVprcyIsImMiOjE1MzgwMTU1MzM2NjcsImUiOjE1MzkzMTE1MzM2NjcsImkiOjEzMDM5NX0.6eQob2m2Y6UUK3uLwzG-JlYn_PXhArInpVmMeUSw5QLAzfFbUI5YcFBd35CZOujyzhLMsUvl6K_LlE_0IMSgHQ', 'ReqChannel': 'MASTER'}
Params =  
Resp =  {"passRate":4}</msg>
<msg timestamp="20181009 17:43:15.103" level="INFO">/usr/local/lib/python3.7/site-packages/urllib3/connectionpool.py:857: InsecureRequestWarning: Unverified HTTPS request is being made. Adding certificate verification is strongly advised. See: https://urllib3.readthedocs.io/en/latest/advanced-usage.html#ssl-warnings
  InsecureRequestWarning)</msg>
<msg timestamp="20181009 17:43:15.103" level="INFO">${resp} = (200, {'passRate': 4})</msg>
<msg timestamp="20181009 17:43:15.103" level="INFO">${resp_text} = {"passRate":4}</msg>
<status status="PASS" starttime="20181009 17:43:14.874" endtime="20181009 17:43:15.103"></status>
</kw>
<kw name="Should Be True" library="BuiltIn">
<doc>Fails if the given condition is not true.</doc>
<arguments>
<arg>${resp[0]}==200</arg>
<arg>${resp_text}</arg>
</arguments>
<status status="PASS" starttime="20181009 17:43:15.103" endtime="20181009 17:43:15.104"></status>
</kw>
<kw name="Log" library="BuiltIn">
<doc>Logs the given message with the given level.</doc>
<arguments>
<arg>${resp_text}</arg>
</arguments>
<msg timestamp="20181009 17:43:15.104" level="INFO">{"passRate":4}</msg>
<status status="PASS" starttime="20181009 17:43:15.104" endtime="20181009 17:43:15.104"></status>
</kw>
<msg timestamp="20181009 17:43:15.105" level="INFO">${resp} = {'passRate': 4}</msg>
<status status="PASS" starttime="20181009 17:43:14.872" endtime="20181009 17:43:15.105"></status>
</kw>
<kw name="docmentAssert" library="BusApiCom">
<arguments>
<arg>get</arg>
<arg>/users/passRate</arg>
<arg>${resp}</arg>
</arguments>
<assign>
<var>${result}</var>
</assign>
<kw name="GetResp Doc" library="JsonRead">
<arguments>
<arg>${mode}</arg>
<arg>${path}</arg>
</arguments>
<assign>
<var>${resp_doc}</var>
</assign>
<msg timestamp="20181009 17:43:15.127" level="INFO">${resp_doc} = {'passRate': 0}</msg>
<status status="PASS" starttime="20181009 17:43:15.105" endtime="20181009 17:43:15.127"></status>
</kw>
<kw name="Log" library="BuiltIn">
<doc>Logs the given message with the given level.</doc>
<arguments>
<arg>${resp}</arg>
</arguments>
<msg timestamp="20181009 17:43:15.127" level="INFO">{'passRate': 4}</msg>
<status status="PASS" starttime="20181009 17:43:15.127" endtime="20181009 17:43:15.128"></status>
</kw>
<kw name="Log" library="BuiltIn">
<doc>Logs the given message with the given level.</doc>
<arguments>
<arg>${resp_doc}</arg>
</arguments>
<msg timestamp="20181009 17:43:15.128" level="INFO">{'passRate': 0}</msg>
<status status="PASS" starttime="20181009 17:43:15.128" endtime="20181009 17:43:15.128"></status>
</kw>
<kw name="Assert Resp" library="AssertResp">
<doc>断言接口返回值的字段类型与文档是否一致</doc>
<arguments>
<arg>${resp}</arg>
<arg>${resp_doc}</arg>
</arguments>
<assign>
<var>${result}</var>
</assign>
<msg timestamp="20181009 17:43:15.128" level="INFO">${result} = [True]</msg>
<status status="PASS" starttime="20181009 17:43:15.128" endtime="20181009 17:43:15.128"></status>
</kw>
<msg timestamp="20181009 17:43:15.128" level="INFO">${result} = [True]</msg>
<status status="PASS" starttime="20181009 17:43:15.105" endtime="20181009 17:43:15.128"></status>
</kw>
<kw name="Should Be True" library="BuiltIn">
<doc>Fails if the given condition is not true.</doc>
<arguments>
<arg>${result[0]}</arg>
<arg>${result}</arg>
</arguments>
<status status="PASS" starttime="20181009 17:43:15.129" endtime="20181009 17:43:15.129"></status>
</kw>
<doc>用户通过率</doc>
<tags>
<tag>DocTest</tag>
<tag>Run</tag>
<tag>Users</tag>
</tags>
<status status="PASS" starttime="20181009 17:43:14.867" endtime="20181009 17:43:15.129" critical="yes"></status>
</test>
<test id="s1-s19-t13" name="get/users/phone">
<kw name="getApiResp" library="BusApiCom">
<arguments>
<arg>get</arg>
<arg>/users/phone</arg>
</arguments>
<assign>
<var>${resp}</var>
</assign>
<kw name="GetResponse 2" library="HttpRequest">
<arguments>
<arg>${mode}</arg>
<arg>${path}</arg>
<arg>&amp;{dict}</arg>
</arguments>
<assign>
<var>${resp}</var>
<var>${resp_text}</var>
</assign>
<msg timestamp="20181009 17:43:15.233" level="INFO">get     URL =  https://exam.zmgongzuoshi.top/api/v1/users/phone
Headers =  {'Authorization': 'eyJhbGciOiJIUzUxMiJ9.eyJhIjpudWxsLCJzIjoibzJFSVYwY2gwcVN4MDFVa0RHemZwUUdnRVprcyIsImMiOjE1MzgwMTU1MzM2NjcsImUiOjE1MzkzMTE1MzM2NjcsImkiOjEzMDM5NX0.6eQob2m2Y6UUK3uLwzG-JlYn_PXhArInpVmMeUSw5QLAzfFbUI5YcFBd35CZOujyzhLMsUvl6K_LlE_0IMSgHQ', 'ReqChannel': 'MASTER'}
Params =  
Resp =  {"phoneNum":"15510311810","needAuthPhone":false}</msg>
<msg timestamp="20181009 17:43:15.233" level="INFO">/usr/local/lib/python3.7/site-packages/urllib3/connectionpool.py:857: InsecureRequestWarning: Unverified HTTPS request is being made. Adding certificate verification is strongly advised. See: https://urllib3.readthedocs.io/en/latest/advanced-usage.html#ssl-warnings
  InsecureRequestWarning)</msg>
<msg timestamp="20181009 17:43:15.233" level="INFO">${resp} = (200, {'phoneNum': '15510311810', 'needAuthPhone': False})</msg>
<msg timestamp="20181009 17:43:15.233" level="INFO">${resp_text} = {"phoneNum":"15510311810","needAuthPhone":false}</msg>
<status status="PASS" starttime="20181009 17:43:15.130" endtime="20181009 17:43:15.233"></status>
</kw>
<kw name="Should Be True" library="BuiltIn">
<doc>Fails if the given condition is not true.</doc>
<arguments>
<arg>${resp[0]}==200</arg>
<arg>${resp_text}</arg>
</arguments>
<status status="PASS" starttime="20181009 17:43:15.233" endtime="20181009 17:43:15.234"></status>
</kw>
<kw name="Log" library="BuiltIn">
<doc>Logs the given message with the given level.</doc>
<arguments>
<arg>${resp_text}</arg>
</arguments>
<msg timestamp="20181009 17:43:15.234" level="INFO">{"phoneNum":"15510311810","needAuthPhone":false}</msg>
<status status="PASS" starttime="20181009 17:43:15.234" endtime="20181009 17:43:15.234"></status>
</kw>
<msg timestamp="20181009 17:43:15.234" level="INFO">${resp} = {'phoneNum': '15510311810', 'needAuthPhone': False}</msg>
<status status="PASS" starttime="20181009 17:43:15.130" endtime="20181009 17:43:15.234"></status>
</kw>
<kw name="docmentAssert" library="BusApiCom">
<arguments>
<arg>get</arg>
<arg>/users/phone</arg>
<arg>${resp}</arg>
</arguments>
<assign>
<var>${result}</var>
</assign>
<kw name="GetResp Doc" library="JsonRead">
<arguments>
<arg>${mode}</arg>
<arg>${path}</arg>
</arguments>
<assign>
<var>${resp_doc}</var>
</assign>
<msg timestamp="20181009 17:43:15.254" level="INFO">${resp_doc} = {'needAuthPhone': True, 'phoneNum': 'string'}</msg>
<status status="PASS" starttime="20181009 17:43:15.235" endtime="20181009 17:43:15.254"></status>
</kw>
<kw name="Log" library="BuiltIn">
<doc>Logs the given message with the given level.</doc>
<arguments>
<arg>${resp}</arg>
</arguments>
<msg timestamp="20181009 17:43:15.254" level="INFO">{'phoneNum': '15510311810', 'needAuthPhone': False}</msg>
<status status="PASS" starttime="20181009 17:43:15.254" endtime="20181009 17:43:15.254"></status>
</kw>
<kw name="Log" library="BuiltIn">
<doc>Logs the given message with the given level.</doc>
<arguments>
<arg>${resp_doc}</arg>
</arguments>
<msg timestamp="20181009 17:43:15.255" level="INFO">{'needAuthPhone': True, 'phoneNum': 'string'}</msg>
<status status="PASS" starttime="20181009 17:43:15.255" endtime="20181009 17:43:15.255"></status>
</kw>
<kw name="Assert Resp" library="AssertResp">
<doc>断言接口返回值的字段类型与文档是否一致</doc>
<arguments>
<arg>${resp}</arg>
<arg>${resp_doc}</arg>
</arguments>
<assign>
<var>${result}</var>
</assign>
<msg timestamp="20181009 17:43:15.255" level="INFO">${result} = [True]</msg>
<status status="PASS" starttime="20181009 17:43:15.255" endtime="20181009 17:43:15.255"></status>
</kw>
<msg timestamp="20181009 17:43:15.255" level="INFO">${result} = [True]</msg>
<status status="PASS" starttime="20181009 17:43:15.235" endtime="20181009 17:43:15.255"></status>
</kw>
<kw name="Should Be True" library="BuiltIn">
<doc>Fails if the given condition is not true.</doc>
<arguments>
<arg>${result[0]}</arg>
<arg>${result}</arg>
</arguments>
<status status="PASS" starttime="20181009 17:43:15.255" endtime="20181009 17:43:15.256"></status>
</kw>
<doc>用户手机号信息</doc>
<tags>
<tag>DocTest</tag>
<tag>Run</tag>
<tag>Users</tag>
</tags>
<status status="PASS" starttime="20181009 17:43:15.129" endtime="20181009 17:43:15.256" critical="yes"></status>
</test>
<status status="FAIL" starttime="20181009 17:43:11.107" endtime="20181009 17:43:15.257"></status>
</suite>
<status status="FAIL" starttime="20181009 17:42:46.699" endtime="20181009 17:43:15.264"></status>
</suite>
<statistics>
<total>
<stat pass="77" fail="33">Critical Tests</stat>
<stat pass="77" fail="33">All Tests</stat>
</total>
<tag>
<stat pass="6" fail="0">Activity</stat>
<stat pass="1" fail="0">AnswerPlan</stat>
<stat pass="7" fail="0">Assist</stat>
<stat pass="2" fail="1">COIN</stat>
<stat pass="4" fail="0">CUT_PRICE</stat>
<stat pass="6" fail="0">DailyPractice</stat>
<stat pass="77" fail="33">DocTest</stat>
<stat pass="2" fail="0">ExamType</stat>
<stat pass="6" fail="0">GROUP</stat>
<stat pass="2" fail="0">IM</stat>
<stat pass="0" fail="3">LEARN</stat>
<stat pass="0" fail="12">LearningPlan</stat>
<stat pass="20" fail="3">MANGO</stat>
<stat pass="15" fail="0">PkArena</stat>
<stat pass="1" fail="0">PushMessage</stat>
<stat pass="0" fail="6">QuestionType</stat>
<stat pass="1" fail="1">Ranking</stat>
<stat pass="77" fail="33">Run</stat>
<stat pass="1" fail="6">Subject</stat>
<stat pass="10" fail="3">TRANS</stat>
<stat pass="1" fail="0">UserAnswer</stat>
<stat pass="12" fail="1">Users</stat>
</tag>
<suite>
<stat pass="77" fail="33" id="s1" name="API Doc">API Doc</stat>
<stat pass="6" fail="0" id="s1-s1" name="Activity">API Doc.Activity</stat>
<stat pass="1" fail="0" id="s1-s2" name="AnswerPlan">API Doc.AnswerPlan</stat>
<stat pass="7" fail="0" id="s1-s3" name="Assist">API Doc.Assist</stat>
<stat pass="2" fail="1" id="s1-s4" name="COIN">API Doc.COIN</stat>
<stat pass="4" fail="0" id="s1-s5" name="CUT PRICE">API Doc.CUT PRICE</stat>
<stat pass="6" fail="0" id="s1-s6" name="DailyPractice">API Doc.DailyPractice</stat>
<stat pass="2" fail="0" id="s1-s7" name="ExamType">API Doc.ExamType</stat>
<stat pass="6" fail="0" id="s1-s8" name="GROUP">API Doc.GROUP</stat>
<stat pass="2" fail="0" id="s1-s9" name="IM">API Doc.IM</stat>
<stat pass="0" fail="3" id="s1-s10" name="LEARN">API Doc.LEARN</stat>
<stat pass="0" fail="12" id="s1-s11" name="LearningPlan">API Doc.LearningPlan</stat>
<stat pass="15" fail="0" id="s1-s12" name="PkArena">API Doc.PkArena</stat>
<stat pass="1" fail="0" id="s1-s13" name="PushMessage">API Doc.PushMessage</stat>
<stat pass="0" fail="6" id="s1-s14" name="QuestionType">API Doc.QuestionType</stat>
<stat pass="1" fail="1" id="s1-s15" name="Ranking">API Doc.Ranking</stat>
<stat pass="1" fail="6" id="s1-s16" name="Subject">API Doc.Subject</stat>
<stat pass="10" fail="3" id="s1-s17" name="TRANS">API Doc.TRANS</stat>
<stat pass="1" fail="0" id="s1-s18" name="UserAnswer">API Doc.UserAnswer</stat>
<stat pass="12" fail="1" id="s1-s19" name="Users">API Doc.Users</stat>
</suite>
</statistics>
<errors>
</errors>
</robot>
