<?xml version="1.0" encoding="UTF-8"?>
<robot generator="Robot 3.0.4 (Python 3.7.0 on darwin)" generated="20181016 15:09:22.694">
<suite id="s1" name="Test" source="/Users/zs/GitRepositpry/Django/AutoTestTools/RunCase/test/test.robot">
<test id="s1-t1" name="TestCase001">
<kw name="change_subjecttype" library="Bus_Basic">
<arguments>
<arg>130395</arg>
<arg>${examtype-04}</arg>
<arg>${subjecttype-0101/0401}</arg>
</arguments>
<kw name="Type Zh To En" library="PrivateMethod">
<doc>将中文的二级考试类型，科目类型转换成id</doc>
<arguments>
<arg>exam=${examtype_name[1]}</arg>
<arg>subject=${subject_name}</arg>
</arguments>
<assign>
<var>${examTypeId}</var>
<var>${subjecttypeId}</var>
</assign>
<msg timestamp="20181016 15:09:23.328" level="INFO">SELECT id FROM `exam_type` WHERE primary_categories='广告（本）'
{'id': 31}
SELECT id FROM `subject` WHERE exam_type_id=31
SELECT id FROM `subject` WHERE subject_name='现代管理学' and exam_type_id=31
{'id': 9}</msg>
<msg timestamp="20181016 15:09:23.328" level="INFO">${examTypeId} = 31</msg>
<msg timestamp="20181016 15:09:23.328" level="INFO">${subjecttypeId} = 9</msg>
<status status="PASS" starttime="20181016 15:09:23.265" endtime="20181016 15:09:23.328"></status>
</kw>
<kw name="change_subjecttypeId" library="Bus_Basic">
<arguments>
<arg>${user}</arg>
<arg>${subjecttypeId}</arg>
</arguments>
<assign>
<var>${list}</var>
</assign>
<kw name="Create Dictionary" library="BuiltIn">
<doc>Creates and returns a dictionary based on the given ``items``.</doc>
<arguments>
<arg>subjectId=${subjectId}</arg>
</arguments>
<assign>
<var>${params}</var>
</assign>
<msg timestamp="20181016 15:09:23.330" level="INFO">${params} = {'subjectId': 9}</msg>
<status status="PASS" starttime="20181016 15:09:23.329" endtime="20181016 15:09:23.330"></status>
</kw>
<kw name="getApiRespContent" library="BusApiCom">
<doc>list:mode,path,params</doc>
<arguments>
<arg>${user}</arg>
<arg>put</arg>
<arg>/users/subjects</arg>
<arg>${params}</arg>
</arguments>
<assign>
<var>${resp}</var>
</assign>
<kw name="Get Response" library="HttpRequest">
<arguments>
<arg>${user}</arg>
<arg>@{list}</arg>
</arguments>
<assign>
<var>${resp}</var>
<var>${resp_text}</var>
</assign>
<msg timestamp="20181016 15:10:38.600" level="FAIL">ConnectionError: HTTPSConnectionPool(host='exam.zmgongzuoshi.top', port=443): Max retries exceeded with url: /api/v1/users/subjects?subjectId=9 (Caused by NewConnectionError('&lt;urllib3.connection.VerifiedHTTPSConnection object at 0x1026bae80&gt;: Failed to establish a new connection: [Errno 60] Operation timed out'))</msg>
<status status="FAIL" starttime="20181016 15:09:23.331" endtime="20181016 15:10:38.601"></status>
</kw>
<status status="FAIL" starttime="20181016 15:09:23.330" endtime="20181016 15:10:38.601"></status>
</kw>
<status status="FAIL" starttime="20181016 15:09:23.329" endtime="20181016 15:10:38.602"></status>
</kw>
<status status="FAIL" starttime="20181016 15:09:23.265" endtime="20181016 15:10:38.603"></status>
</kw>
<doc>修改科目类型-现代管理学（自考,广告（本））</doc>
<tags>
<tag>API</tag>
<tag>BasicFunction</tag>
<tag>FunTestAPI</tag>
<tag>Run</tag>
</tags>
<status status="FAIL" starttime="20181016 15:09:23.263" endtime="20181016 15:10:38.604" critical="yes">ConnectionError: HTTPSConnectionPool(host='exam.zmgongzuoshi.top', port=443): Max retries exceeded with url: /api/v1/users/subjects?subjectId=9 (Caused by NewConnectionError('&lt;urllib3.connection.VerifiedHTTPSConnection object at 0x1026bae80&gt;: Failed to establish a new connection: [Errno 60] Operation timed out'))</status>
</test>
<status status="FAIL" starttime="20181016 15:09:22.696" endtime="20181016 15:10:38.604"></status>
</suite>
<statistics>
<total>
<stat pass="0" fail="1">Critical Tests</stat>
<stat pass="0" fail="1">All Tests</stat>
</total>
<tag>
<stat pass="0" fail="1">API</stat>
<stat pass="0" fail="1">BasicFunction</stat>
<stat pass="0" fail="1">FunTestAPI</stat>
<stat pass="0" fail="1">Run</stat>
</tag>
<suite>
<stat pass="0" fail="1" id="s1" name="Test">Test</stat>
</suite>
</statistics>
<errors>
</errors>
</robot>
